mode: atomic
github.com/labstack/echo/v4/group.go:21.51,23.28 2 31
github.com/labstack/echo/v4/group.go:28.2,29.30 2 7
github.com/labstack/echo/v4/group.go:23.28,25.3 1 24
github.com/labstack/echo/v4/group.go:33.81,35.2 1 1
github.com/labstack/echo/v4/group.go:38.80,40.2 1 1
github.com/labstack/echo/v4/group.go:43.77,45.2 1 42
github.com/labstack/echo/v4/group.go:48.78,50.2 1 1
github.com/labstack/echo/v4/group.go:53.81,55.2 1 1
github.com/labstack/echo/v4/group.go:58.79,60.2 1 1
github.com/labstack/echo/v4/group.go:63.78,65.2 1 1
github.com/labstack/echo/v4/group.go:68.77,70.2 1 5
github.com/labstack/echo/v4/group.go:73.79,75.2 1 1
github.com/labstack/echo/v4/group.go:78.94,80.28 2 15
github.com/labstack/echo/v4/group.go:83.2,83.15 1 15
github.com/labstack/echo/v4/group.go:80.28,82.3 1 165
github.com/labstack/echo/v4/group.go:87.114,89.28 2 1
github.com/labstack/echo/v4/group.go:92.2,92.15 1 1
github.com/labstack/echo/v4/group.go:89.28,91.3 1 2
github.com/labstack/echo/v4/group.go:96.80,103.2 6 1
github.com/labstack/echo/v4/group.go:106.41,108.2 1 2
github.com/labstack/echo/v4/group.go:113.87,115.2 1 12
github.com/labstack/echo/v4/group.go:118.100,126.2 4 239
github.com/labstack/echo/v4/group_fs.go:9.51,12.2 2 3
github.com/labstack/echo/v4/group_fs.go:19.63,25.2 1 1
github.com/labstack/echo/v4/group_fs.go:28.89,30.2 1 3
github.com/labstack/echo/v4/json.go:14.89,16.18 2 40
github.com/labstack/echo/v4/json.go:19.2,19.22 1 40
github.com/labstack/echo/v4/json.go:16.18,18.3 1 7
github.com/labstack/echo/v4/json.go:23.76,25.51 2 32
github.com/labstack/echo/v4/json.go:30.2,30.12 1 25
github.com/labstack/echo/v4/json.go:25.51,27.3 1 4
github.com/labstack/echo/v4/json.go:27.8,27.50 1 28
github.com/labstack/echo/v4/json.go:27.50,29.3 1 3
github.com/labstack/echo/v4/binder.go:75.107,85.2 1 97
github.com/labstack/echo/v4/binder.go:88.40,90.2 1 90
github.com/labstack/echo/v4/binder.go:107.48,111.49 1 236
github.com/labstack/echo/v4/binder.go:111.49,113.11 2 114
github.com/labstack/echo/v4/binder.go:116.4,116.17 1 94
github.com/labstack/echo/v4/binder.go:113.11,115.5 1 20
github.com/labstack/echo/v4/binder.go:123.47,127.49 1 1
github.com/labstack/echo/v4/binder.go:127.49,130.19 2 2
github.com/labstack/echo/v4/binder.go:133.4,133.26 1 1
github.com/labstack/echo/v4/binder.go:130.19,132.5 1 1
github.com/labstack/echo/v4/binder.go:149.46,152.46 1 1
github.com/labstack/echo/v4/binder.go:157.2,157.52 1 1
github.com/labstack/echo/v4/binder.go:169.2,169.11 1 1
github.com/labstack/echo/v4/binder.go:152.46,154.4 1 3
github.com/labstack/echo/v4/binder.go:157.52,158.30 1 2
github.com/labstack/echo/v4/binder.go:162.3,163.10 2 2
github.com/labstack/echo/v4/binder.go:166.3,166.16 1 1
github.com/labstack/echo/v4/binder.go:158.30,161.4 1 1
github.com/labstack/echo/v4/binder.go:163.10,165.4 1 1
github.com/labstack/echo/v4/binder.go:174.57,177.2 2 209
github.com/labstack/echo/v4/binder.go:179.43,180.21 1 95
github.com/labstack/echo/v4/binder.go:184.2,184.34 1 8
github.com/labstack/echo/v4/binder.go:180.21,183.3 2 87
github.com/labstack/echo/v4/binder.go:188.41,189.21 1 226
github.com/labstack/echo/v4/binder.go:192.2,194.12 3 130
github.com/labstack/echo/v4/binder.go:189.21,191.3 1 96
github.com/labstack/echo/v4/binder.go:198.44,199.21 1 13
github.com/labstack/echo/v4/binder.go:202.2,204.15 3 8
github.com/labstack/echo/v4/binder.go:199.21,201.3 1 5
github.com/labstack/echo/v4/binder.go:208.109,210.2 1 6
github.com/labstack/echo/v4/binder.go:213.113,215.2 1 4
github.com/labstack/echo/v4/binder.go:217.130,218.35 1 10
github.com/labstack/echo/v4/binder.go:222.2,223.22 2 8
github.com/labstack/echo/v4/binder.go:229.2,229.45 1 6
github.com/labstack/echo/v4/binder.go:232.2,232.10 1 6
github.com/labstack/echo/v4/binder.go:218.35,220.3 1 2
github.com/labstack/echo/v4/binder.go:223.22,224.21 1 2
github.com/labstack/echo/v4/binder.go:227.3,227.11 1 2
github.com/labstack/echo/v4/binder.go:224.21,226.4 1 1
github.com/labstack/echo/v4/binder.go:229.45,231.3 1 3
github.com/labstack/echo/v4/binder.go:236.77,237.35 1 4
github.com/labstack/echo/v4/binder.go:241.2,242.17 2 3
github.com/labstack/echo/v4/binder.go:245.2,246.10 2 2
github.com/labstack/echo/v4/binder.go:237.35,239.3 1 1
github.com/labstack/echo/v4/binder.go:242.17,244.3 1 1
github.com/labstack/echo/v4/binder.go:250.81,251.35 1 3
github.com/labstack/echo/v4/binder.go:255.2,256.17 2 2
github.com/labstack/echo/v4/binder.go:260.2,261.10 2 1
github.com/labstack/echo/v4/binder.go:251.35,253.3 1 1
github.com/labstack/echo/v4/binder.go:256.17,259.3 2 1
github.com/labstack/echo/v4/binder.go:265.80,266.35 1 3
github.com/labstack/echo/v4/binder.go:270.2,271.18 2 2
github.com/labstack/echo/v4/binder.go:274.2,275.10 2 1
github.com/labstack/echo/v4/binder.go:266.35,268.3 1 1
github.com/labstack/echo/v4/binder.go:271.18,273.3 1 1
github.com/labstack/echo/v4/binder.go:279.84,280.35 1 3
github.com/labstack/echo/v4/binder.go:284.2,285.18 2 2
github.com/labstack/echo/v4/binder.go:289.2,290.10 2 1
github.com/labstack/echo/v4/binder.go:280.35,282.3 1 1
github.com/labstack/echo/v4/binder.go:285.18,288.3 2 1
github.com/labstack/echo/v4/binder.go:294.94,295.35 1 4
github.com/labstack/echo/v4/binder.go:299.2,300.15 2 3
github.com/labstack/echo/v4/binder.go:304.2,304.49 1 2
github.com/labstack/echo/v4/binder.go:307.2,307.10 1 2
github.com/labstack/echo/v4/binder.go:295.35,297.3 1 1
github.com/labstack/echo/v4/binder.go:300.15,302.3 1 1
github.com/labstack/echo/v4/binder.go:304.49,306.3 1 1
github.com/labstack/echo/v4/binder.go:312.98,313.35 1 4
github.com/labstack/echo/v4/binder.go:317.2,318.17 2 3
github.com/labstack/echo/v4/binder.go:323.2,323.51 1 2
github.com/labstack/echo/v4/binder.go:326.2,326.10 1 2
github.com/labstack/echo/v4/binder.go:313.35,315.3 1 1
github.com/labstack/echo/v4/binder.go:318.17,321.3 2 1
github.com/labstack/echo/v4/binder.go:323.51,325.3 1 1
github.com/labstack/echo/v4/binder.go:330.95,331.35 1 4
github.com/labstack/echo/v4/binder.go:335.2,336.15 2 3
github.com/labstack/echo/v4/binder.go:340.2,340.56 1 2
github.com/labstack/echo/v4/binder.go:343.2,343.10 1 2
github.com/labstack/echo/v4/binder.go:331.35,333.3 1 1
github.com/labstack/echo/v4/binder.go:336.15,338.3 1 1
github.com/labstack/echo/v4/binder.go:340.56,342.3 1 1
github.com/labstack/echo/v4/binder.go:348.99,349.35 1 4
github.com/labstack/echo/v4/binder.go:353.2,354.15 2 3
github.com/labstack/echo/v4/binder.go:359.2,359.56 1 2
github.com/labstack/echo/v4/binder.go:362.2,362.10 1 2
github.com/labstack/echo/v4/binder.go:349.35,351.3 1 1
github.com/labstack/echo/v4/binder.go:354.15,357.3 2 1
github.com/labstack/echo/v4/binder.go:359.56,361.3 1 1
github.com/labstack/echo/v4/binder.go:366.103,367.35 1 4
github.com/labstack/echo/v4/binder.go:371.2,372.15 2 3
github.com/labstack/echo/v4/binder.go:376.2,376.56 1 2
github.com/labstack/echo/v4/binder.go:379.2,379.10 1 2
github.com/labstack/echo/v4/binder.go:367.35,369.3 1 1
github.com/labstack/echo/v4/binder.go:372.15,374.3 1 1
github.com/labstack/echo/v4/binder.go:376.56,378.3 1 1
github.com/labstack/echo/v4/binder.go:384.107,385.35 1 4
github.com/labstack/echo/v4/binder.go:389.2,390.15 2 3
github.com/labstack/echo/v4/binder.go:395.2,395.56 1 2
github.com/labstack/echo/v4/binder.go:398.2,398.10 1 2
github.com/labstack/echo/v4/binder.go:385.35,387.3 1 1
github.com/labstack/echo/v4/binder.go:390.15,393.3 2 1
github.com/labstack/echo/v4/binder.go:395.56,397.3 1 1
github.com/labstack/echo/v4/binder.go:403.110,405.2 1 20
github.com/labstack/echo/v4/binder.go:409.114,411.2 1 4
github.com/labstack/echo/v4/binder.go:413.131,414.35 1 24
github.com/labstack/echo/v4/binder.go:417.2,418.22 2 22
github.com/labstack/echo/v4/binder.go:424.2,425.27 2 20
github.com/labstack/echo/v4/binder.go:429.2,429.26 1 20
github.com/labstack/echo/v4/binder.go:414.35,416.3 1 2
github.com/labstack/echo/v4/binder.go:418.22,419.21 1 2
github.com/labstack/echo/v4/binder.go:422.3,422.11 1 2
github.com/labstack/echo/v4/binder.go:419.21,421.4 1 1
github.com/labstack/echo/v4/binder.go:425.27,427.3 1 40
github.com/labstack/echo/v4/binder.go:430.17,432.11 2 1
github.com/labstack/echo/v4/binder.go:433.15,434.44 1 1
github.com/labstack/echo/v4/binder.go:435.53,436.43 1 9
github.com/labstack/echo/v4/binder.go:437.58,438.44 1 5
github.com/labstack/echo/v4/binder.go:439.30,440.45 1 2
github.com/labstack/echo/v4/binder.go:441.24,442.48 1 1
github.com/labstack/echo/v4/binder.go:443.10,447.11 2 1
github.com/labstack/echo/v4/binder.go:452.75,454.2 1 20
github.com/labstack/echo/v4/binder.go:457.79,459.2 1 5
github.com/labstack/echo/v4/binder.go:462.75,464.2 1 1
github.com/labstack/echo/v4/binder.go:467.79,469.2 1 1
github.com/labstack/echo/v4/binder.go:472.75,474.2 1 1
github.com/labstack/echo/v4/binder.go:477.79,479.2 1 1
github.com/labstack/echo/v4/binder.go:482.73,484.2 1 1
github.com/labstack/echo/v4/binder.go:487.77,489.2 1 1
github.com/labstack/echo/v4/binder.go:492.71,494.2 1 2
github.com/labstack/echo/v4/binder.go:497.75,499.2 1 1
github.com/labstack/echo/v4/binder.go:501.117,502.35 1 34
github.com/labstack/echo/v4/binder.go:506.2,507.17 2 30
github.com/labstack/echo/v4/binder.go:514.2,514.49 1 28
github.com/labstack/echo/v4/binder.go:502.35,504.3 1 4
github.com/labstack/echo/v4/binder.go:507.17,508.21 1 2
github.com/labstack/echo/v4/binder.go:511.3,511.11 1 2
github.com/labstack/echo/v4/binder.go:508.21,510.4 1 1
github.com/labstack/echo/v4/binder.go:517.105,519.16 2 105
github.com/labstack/echo/v4/binder.go:528.2,528.26 1 88
github.com/labstack/echo/v4/binder.go:540.2,540.10 1 88
github.com/labstack/echo/v4/binder.go:519.16,520.19 1 17
github.com/labstack/echo/v4/binder.go:525.3,525.11 1 17
github.com/labstack/echo/v4/binder.go:520.19,522.4 1 2
github.com/labstack/echo/v4/binder.go:522.9,524.4 1 15
github.com/labstack/echo/v4/binder.go:529.14,530.9 1 48
github.com/labstack/echo/v4/binder.go:531.14,532.16 1 10
github.com/labstack/echo/v4/binder.go:533.14,534.16 1 10
github.com/labstack/echo/v4/binder.go:535.13,536.15 1 10
github.com/labstack/echo/v4/binder.go:537.12,538.14 1 10
github.com/labstack/echo/v4/binder.go:543.105,544.35 1 32
github.com/labstack/echo/v4/binder.go:548.2,549.22 2 30
github.com/labstack/echo/v4/binder.go:555.2,555.42 1 24
github.com/labstack/echo/v4/binder.go:544.35,546.3 1 2
github.com/labstack/echo/v4/binder.go:549.22,550.21 1 6
github.com/labstack/echo/v4/binder.go:553.3,553.11 1 6
github.com/labstack/echo/v4/binder.go:550.21,552.4 1 1
github.com/labstack/echo/v4/binder.go:558.96,559.26 1 33
github.com/labstack/echo/v4/binder.go:616.2,616.10 1 28
github.com/labstack/echo/v4/binder.go:560.16,562.28 2 17
github.com/labstack/echo/v4/binder.go:568.3,568.22 1 16
github.com/labstack/echo/v4/binder.go:571.16,573.28 2 4
github.com/labstack/echo/v4/binder.go:579.3,579.22 1 3
github.com/labstack/echo/v4/binder.go:582.16,584.28 2 4
github.com/labstack/echo/v4/binder.go:590.3,590.22 1 3
github.com/labstack/echo/v4/binder.go:593.15,595.28 2 4
github.com/labstack/echo/v4/binder.go:601.3,601.22 1 3
github.com/labstack/echo/v4/binder.go:604.14,606.28 2 4
github.com/labstack/echo/v4/binder.go:612.3,612.22 1 3
github.com/labstack/echo/v4/binder.go:562.28,564.37 2 41
github.com/labstack/echo/v4/binder.go:564.37,566.5 1 1
github.com/labstack/echo/v4/binder.go:568.22,570.4 1 12
github.com/labstack/echo/v4/binder.go:573.28,575.37 2 9
github.com/labstack/echo/v4/binder.go:575.37,577.5 1 1
github.com/labstack/echo/v4/binder.go:579.22,581.4 1 3
github.com/labstack/echo/v4/binder.go:584.28,586.37 2 9
github.com/labstack/echo/v4/binder.go:586.37,588.5 1 1
github.com/labstack/echo/v4/binder.go:590.22,592.4 1 3
github.com/labstack/echo/v4/binder.go:595.28,597.37 2 9
github.com/labstack/echo/v4/binder.go:597.37,599.5 1 1
github.com/labstack/echo/v4/binder.go:601.22,603.4 1 3
github.com/labstack/echo/v4/binder.go:606.28,608.37 2 9
github.com/labstack/echo/v4/binder.go:608.37,610.5 1 1
github.com/labstack/echo/v4/binder.go:612.22,614.4 1 3
github.com/labstack/echo/v4/binder.go:620.78,622.2 1 15
github.com/labstack/echo/v4/binder.go:625.82,627.2 1 5
github.com/labstack/echo/v4/binder.go:630.78,632.2 1 2
github.com/labstack/echo/v4/binder.go:635.82,637.2 1 1
github.com/labstack/echo/v4/binder.go:640.78,642.2 1 2
github.com/labstack/echo/v4/binder.go:645.82,647.2 1 1
github.com/labstack/echo/v4/binder.go:650.76,652.2 1 2
github.com/labstack/echo/v4/binder.go:655.80,657.2 1 1
github.com/labstack/echo/v4/binder.go:660.74,662.2 1 2
github.com/labstack/echo/v4/binder.go:665.78,667.2 1 1
github.com/labstack/echo/v4/binder.go:670.77,672.2 1 5
github.com/labstack/echo/v4/binder.go:675.81,677.2 1 5
github.com/labstack/echo/v4/binder.go:680.77,682.2 1 1
github.com/labstack/echo/v4/binder.go:685.81,687.2 1 1
github.com/labstack/echo/v4/binder.go:690.77,692.2 1 1
github.com/labstack/echo/v4/binder.go:695.81,697.2 1 1
github.com/labstack/echo/v4/binder.go:700.75,702.2 1 1
github.com/labstack/echo/v4/binder.go:705.79,707.2 1 1
github.com/labstack/echo/v4/binder.go:710.73,712.2 1 1
github.com/labstack/echo/v4/binder.go:715.77,717.2 1 1
github.com/labstack/echo/v4/binder.go:720.73,722.2 1 2
github.com/labstack/echo/v4/binder.go:725.77,727.2 1 1
github.com/labstack/echo/v4/binder.go:729.118,730.35 1 21
github.com/labstack/echo/v4/binder.go:734.2,735.17 2 19
github.com/labstack/echo/v4/binder.go:742.2,742.50 1 17
github.com/labstack/echo/v4/binder.go:730.35,732.3 1 2
github.com/labstack/echo/v4/binder.go:735.17,736.21 1 2
github.com/labstack/echo/v4/binder.go:739.3,739.11 1 2
github.com/labstack/echo/v4/binder.go:736.21,738.4 1 1
github.com/labstack/echo/v4/binder.go:745.106,747.16 2 72
github.com/labstack/echo/v4/binder.go:756.2,756.26 1 62
github.com/labstack/echo/v4/binder.go:768.2,768.10 1 62
github.com/labstack/echo/v4/binder.go:747.16,748.19 1 10
github.com/labstack/echo/v4/binder.go:753.3,753.11 1 10
github.com/labstack/echo/v4/binder.go:748.19,750.4 1 2
github.com/labstack/echo/v4/binder.go:750.9,752.4 1 8
github.com/labstack/echo/v4/binder.go:757.15,758.9 1 20
github.com/labstack/echo/v4/binder.go:759.15,760.17 1 10
github.com/labstack/echo/v4/binder.go:761.15,762.17 1 10
github.com/labstack/echo/v4/binder.go:763.14,764.16 1 12
github.com/labstack/echo/v4/binder.go:765.13,766.15 1 10
github.com/labstack/echo/v4/binder.go:771.106,772.35 1 23
github.com/labstack/echo/v4/binder.go:776.2,777.22 2 21
github.com/labstack/echo/v4/binder.go:783.2,783.43 1 19
github.com/labstack/echo/v4/binder.go:772.35,774.3 1 2
github.com/labstack/echo/v4/binder.go:777.22,778.21 1 2
github.com/labstack/echo/v4/binder.go:781.3,781.11 1 2
github.com/labstack/echo/v4/binder.go:778.21,780.4 1 1
github.com/labstack/echo/v4/binder.go:786.97,787.26 1 24
github.com/labstack/echo/v4/binder.go:844.2,844.10 1 19
github.com/labstack/echo/v4/binder.go:788.17,790.28 2 8
github.com/labstack/echo/v4/binder.go:796.3,796.22 1 7
github.com/labstack/echo/v4/binder.go:799.17,801.28 2 4
github.com/labstack/echo/v4/binder.go:807.3,807.22 1 3
github.com/labstack/echo/v4/binder.go:810.17,812.28 2 4
github.com/labstack/echo/v4/binder.go:818.3,818.22 1 3
github.com/labstack/echo/v4/binder.go:821.16,823.28 2 4
github.com/labstack/echo/v4/binder.go:829.3,829.22 1 3
github.com/labstack/echo/v4/binder.go:832.15,834.28 2 4
github.com/labstack/echo/v4/binder.go:840.3,840.22 1 3
github.com/labstack/echo/v4/binder.go:790.28,792.37 2 19
github.com/labstack/echo/v4/binder.go:792.37,794.5 1 1
github.com/labstack/echo/v4/binder.go:796.22,798.4 1 5
github.com/labstack/echo/v4/binder.go:801.28,803.37 2 9
github.com/labstack/echo/v4/binder.go:803.37,805.5 1 1
github.com/labstack/echo/v4/binder.go:807.22,809.4 1 3
github.com/labstack/echo/v4/binder.go:812.28,814.37 2 9
github.com/labstack/echo/v4/binder.go:814.37,816.5 1 1
github.com/labstack/echo/v4/binder.go:818.22,820.4 1 3
github.com/labstack/echo/v4/binder.go:823.28,825.37 2 9
github.com/labstack/echo/v4/binder.go:825.37,827.5 1 1
github.com/labstack/echo/v4/binder.go:829.22,831.4 1 3
github.com/labstack/echo/v4/binder.go:834.28,836.37 2 9
github.com/labstack/echo/v4/binder.go:836.37,838.5 1 1
github.com/labstack/echo/v4/binder.go:840.22,842.4 1 3
github.com/labstack/echo/v4/binder.go:848.80,850.2 1 6
github.com/labstack/echo/v4/binder.go:853.84,855.2 1 5
github.com/labstack/echo/v4/binder.go:858.80,860.2 1 2
github.com/labstack/echo/v4/binder.go:863.84,865.2 1 1
github.com/labstack/echo/v4/binder.go:868.80,870.2 1 2
github.com/labstack/echo/v4/binder.go:873.84,875.2 1 1
github.com/labstack/echo/v4/binder.go:878.78,880.2 1 2
github.com/labstack/echo/v4/binder.go:883.82,885.2 1 1
github.com/labstack/echo/v4/binder.go:888.76,890.2 1 2
github.com/labstack/echo/v4/binder.go:893.80,895.2 1 1
github.com/labstack/echo/v4/binder.go:898.73,900.2 1 6
github.com/labstack/echo/v4/binder.go:903.77,905.2 1 4
github.com/labstack/echo/v4/binder.go:907.99,908.35 1 10
github.com/labstack/echo/v4/binder.go:912.2,913.17 2 8
github.com/labstack/echo/v4/binder.go:919.2,919.41 1 6
github.com/labstack/echo/v4/binder.go:908.35,910.3 1 2
github.com/labstack/echo/v4/binder.go:913.17,914.21 1 2
github.com/labstack/echo/v4/binder.go:917.3,917.11 1 2
github.com/labstack/echo/v4/binder.go:914.21,916.4 1 1
github.com/labstack/echo/v4/binder.go:922.87,924.16 2 24
github.com/labstack/echo/v4/binder.go:929.2,930.10 2 17
github.com/labstack/echo/v4/binder.go:924.16,927.3 2 7
github.com/labstack/echo/v4/binder.go:933.102,934.35 1 9
github.com/labstack/echo/v4/binder.go:938.2,939.22 2 7
github.com/labstack/echo/v4/binder.go:945.2,945.43 1 5
github.com/labstack/echo/v4/binder.go:934.35,936.3 1 2
github.com/labstack/echo/v4/binder.go:939.22,940.21 1 2
github.com/labstack/echo/v4/binder.go:943.3,943.11 1 2
github.com/labstack/echo/v4/binder.go:940.21,942.4 1 1
github.com/labstack/echo/v4/binder.go:948.93,950.27 2 6
github.com/labstack/echo/v4/binder.go:956.2,956.21 1 5
github.com/labstack/echo/v4/binder.go:959.2,959.10 1 5
github.com/labstack/echo/v4/binder.go:950.27,952.36 2 18
github.com/labstack/echo/v4/binder.go:952.36,954.4 1 1
github.com/labstack/echo/v4/binder.go:956.21,958.3 1 3
github.com/labstack/echo/v4/binder.go:963.76,965.2 1 5
github.com/labstack/echo/v4/binder.go:968.80,970.2 1 4
github.com/labstack/echo/v4/binder.go:973.79,975.2 1 4
github.com/labstack/echo/v4/binder.go:978.83,980.2 1 4
github.com/labstack/echo/v4/binder.go:983.79,985.2 1 4
github.com/labstack/echo/v4/binder.go:988.83,990.2 1 4
github.com/labstack/echo/v4/binder.go:992.119,993.35 1 16
github.com/labstack/echo/v4/binder.go:997.2,998.17 2 12
github.com/labstack/echo/v4/binder.go:1005.2,1005.51 1 8
github.com/labstack/echo/v4/binder.go:993.35,995.3 1 4
github.com/labstack/echo/v4/binder.go:998.17,999.21 1 4
github.com/labstack/echo/v4/binder.go:1002.3,1002.11 1 4
github.com/labstack/echo/v4/binder.go:999.21,1001.4 1 2
github.com/labstack/echo/v4/binder.go:1008.107,1010.16 2 34
github.com/labstack/echo/v4/binder.go:1015.2,1015.26 1 24
github.com/labstack/echo/v4/binder.go:1021.2,1021.10 1 24
github.com/labstack/echo/v4/binder.go:1010.16,1013.3 2 10
github.com/labstack/echo/v4/binder.go:1016.16,1017.9 1 12
github.com/labstack/echo/v4/binder.go:1018.16,1019.18 1 12
github.com/labstack/echo/v4/binder.go:1024.107,1025.35 1 18
github.com/labstack/echo/v4/binder.go:1029.2,1030.22 2 14
github.com/labstack/echo/v4/binder.go:1036.2,1036.44 1 10
github.com/labstack/echo/v4/binder.go:1025.35,1027.3 1 4
github.com/labstack/echo/v4/binder.go:1030.22,1031.21 1 4
github.com/labstack/echo/v4/binder.go:1034.3,1034.11 1 4
github.com/labstack/echo/v4/binder.go:1031.21,1033.4 1 2
github.com/labstack/echo/v4/binder.go:1039.98,1040.26 1 12
github.com/labstack/echo/v4/binder.go:1064.2,1064.10 1 10
github.com/labstack/echo/v4/binder.go:1041.18,1043.28 2 6
github.com/labstack/echo/v4/binder.go:1049.3,1049.22 1 5
github.com/labstack/echo/v4/binder.go:1052.18,1054.28 2 6
github.com/labstack/echo/v4/binder.go:1060.3,1060.22 1 5
github.com/labstack/echo/v4/binder.go:1043.28,1045.37 2 13
github.com/labstack/echo/v4/binder.go:1045.37,1047.5 1 1
github.com/labstack/echo/v4/binder.go:1049.22,1051.4 1 3
github.com/labstack/echo/v4/binder.go:1054.28,1056.37 2 13
github.com/labstack/echo/v4/binder.go:1056.37,1058.5 1 1
github.com/labstack/echo/v4/binder.go:1060.22,1062.4 1 3
github.com/labstack/echo/v4/binder.go:1068.82,1070.2 1 5
github.com/labstack/echo/v4/binder.go:1073.86,1075.2 1 4
github.com/labstack/echo/v4/binder.go:1078.82,1080.2 1 5
github.com/labstack/echo/v4/binder.go:1083.86,1085.2 1 4
github.com/labstack/echo/v4/binder.go:1088.93,1090.2 1 4
github.com/labstack/echo/v4/binder.go:1093.97,1095.2 1 4
github.com/labstack/echo/v4/binder.go:1097.114,1098.35 1 8
github.com/labstack/echo/v4/binder.go:1102.2,1103.17 2 6
github.com/labstack/echo/v4/binder.go:1109.2,1110.16 2 4
github.com/labstack/echo/v4/binder.go:1114.2,1115.10 2 2
github.com/labstack/echo/v4/binder.go:1098.35,1100.3 1 2
github.com/labstack/echo/v4/binder.go:1103.17,1104.21 1 2
github.com/labstack/echo/v4/binder.go:1107.3,1107.11 1 2
github.com/labstack/echo/v4/binder.go:1104.21,1106.4 1 1
github.com/labstack/echo/v4/binder.go:1110.16,1113.3 2 2
github.com/labstack/echo/v4/binder.go:1119.96,1121.2 1 5
github.com/labstack/echo/v4/binder.go:1124.100,1126.2 1 4
github.com/labstack/echo/v4/binder.go:1128.117,1129.35 1 9
github.com/labstack/echo/v4/binder.go:1133.2,1134.22 2 7
github.com/labstack/echo/v4/binder.go:1141.2,1142.27 2 5
github.com/labstack/echo/v4/binder.go:1153.2,1153.21 1 4
github.com/labstack/echo/v4/binder.go:1156.2,1156.10 1 4
github.com/labstack/echo/v4/binder.go:1129.35,1131.3 1 2
github.com/labstack/echo/v4/binder.go:1134.22,1135.21 1 2
github.com/labstack/echo/v4/binder.go:1138.3,1138.11 1 2
github.com/labstack/echo/v4/binder.go:1135.21,1137.4 1 1
github.com/labstack/echo/v4/binder.go:1142.27,1144.17 2 9
github.com/labstack/echo/v4/binder.go:1151.3,1151.13 1 4
github.com/labstack/echo/v4/binder.go:1144.17,1146.18 2 5
github.com/labstack/echo/v4/binder.go:1149.4,1149.12 1 4
github.com/labstack/echo/v4/binder.go:1146.18,1148.5 1 1
github.com/labstack/echo/v4/binder.go:1153.21,1155.3 1 2
github.com/labstack/echo/v4/binder.go:1160.86,1162.2 1 4
github.com/labstack/echo/v4/binder.go:1165.90,1167.2 1 4
github.com/labstack/echo/v4/binder.go:1169.107,1170.35 1 8
github.com/labstack/echo/v4/binder.go:1174.2,1175.17 2 6
github.com/labstack/echo/v4/binder.go:1181.2,1182.16 2 4
github.com/labstack/echo/v4/binder.go:1186.2,1187.10 2 2
github.com/labstack/echo/v4/binder.go:1170.35,1172.3 1 2
github.com/labstack/echo/v4/binder.go:1175.17,1176.21 1 2
github.com/labstack/echo/v4/binder.go:1179.3,1179.11 1 2
github.com/labstack/echo/v4/binder.go:1176.21,1178.4 1 1
github.com/labstack/echo/v4/binder.go:1182.16,1185.3 2 2
github.com/labstack/echo/v4/binder.go:1191.89,1193.2 1 5
github.com/labstack/echo/v4/binder.go:1196.93,1198.2 1 4
github.com/labstack/echo/v4/binder.go:1200.115,1201.35 1 9
github.com/labstack/echo/v4/binder.go:1205.2,1206.22 2 7
github.com/labstack/echo/v4/binder.go:1212.2,1212.47 1 5
github.com/labstack/echo/v4/binder.go:1201.35,1203.3 1 2
github.com/labstack/echo/v4/binder.go:1206.22,1207.21 1 2
github.com/labstack/echo/v4/binder.go:1210.3,1210.11 1 2
github.com/labstack/echo/v4/binder.go:1207.21,1209.4 1 1
github.com/labstack/echo/v4/binder.go:1215.106,1217.27 2 6
github.com/labstack/echo/v4/binder.go:1228.2,1228.21 1 5
github.com/labstack/echo/v4/binder.go:1231.2,1231.10 1 5
github.com/labstack/echo/v4/binder.go:1217.27,1219.17 2 12
github.com/labstack/echo/v4/binder.go:1226.3,1226.13 1 7
github.com/labstack/echo/v4/binder.go:1219.17,1221.18 2 5
github.com/labstack/echo/v4/binder.go:1224.4,1224.12 1 4
github.com/labstack/echo/v4/binder.go:1221.18,1223.5 1 1
github.com/labstack/echo/v4/binder.go:1228.21,1230.3 1 3
github.com/labstack/echo/v4/binder.go:1240.82,1242.2 1 5
github.com/labstack/echo/v4/binder.go:1251.86,1253.2 1 4
github.com/labstack/echo/v4/binder.go:1261.87,1263.2 1 4
github.com/labstack/echo/v4/binder.go:1272.91,1274.2 1 4
github.com/labstack/echo/v4/binder.go:1285.86,1287.2 1 6
github.com/labstack/echo/v4/binder.go:1299.90,1301.2 1 4
github.com/labstack/echo/v4/binder.go:1303.128,1304.35 1 27
github.com/labstack/echo/v4/binder.go:1308.2,1309.17 2 21
github.com/labstack/echo/v4/binder.go:1316.2,1317.16 2 15
github.com/labstack/echo/v4/binder.go:1322.2,1322.19 1 9
github.com/labstack/echo/v4/binder.go:1330.2,1330.10 1 9
github.com/labstack/echo/v4/binder.go:1304.35,1306.3 1 6
github.com/labstack/echo/v4/binder.go:1309.17,1310.21 1 6
github.com/labstack/echo/v4/binder.go:1313.3,1313.11 1 6
github.com/labstack/echo/v4/binder.go:1310.21,1312.4 1 3
github.com/labstack/echo/v4/binder.go:1317.16,1320.3 2 6
github.com/labstack/echo/v4/binder.go:1323.19,1324.26 1 3
github.com/labstack/echo/v4/binder.go:1325.24,1326.40 1 2
github.com/labstack/echo/v4/binder.go:1327.23,1328.26 1 4
github.com/labstack/echo/v4/context.go:228.50,230.41 2 95
github.com/labstack/echo/v4/context.go:230.41,232.3 1 95
github.com/labstack/echo/v4/context.go:235.43,237.2 1 249
github.com/labstack/echo/v4/context.go:239.47,241.2 1 2
github.com/labstack/echo/v4/context.go:243.40,245.2 1 209
github.com/labstack/echo/v4/context.go:247.44,249.2 1 1
github.com/labstack/echo/v4/context.go:251.32,253.2 1 6
github.com/labstack/echo/v4/context.go:255.38,258.2 2 4
github.com/labstack/echo/v4/context.go:260.35,263.15 1 6
github.com/labstack/echo/v4/context.go:266.2,266.73 1 5
github.com/labstack/echo/v4/context.go:269.2,269.76 1 4
github.com/labstack/echo/v4/context.go:272.2,272.67 1 3
github.com/labstack/echo/v4/context.go:275.2,275.68 1 2
github.com/labstack/echo/v4/context.go:278.2,278.15 1 1
github.com/labstack/echo/v4/context.go:263.15,265.3 1 1
github.com/labstack/echo/v4/context.go:266.73,268.3 1 1
github.com/labstack/echo/v4/context.go:269.76,271.3 1 1
github.com/labstack/echo/v4/context.go:272.67,274.3 1 1
github.com/labstack/echo/v4/context.go:275.68,277.3 1 1
github.com/labstack/echo/v4/context.go:281.35,282.48 1 9
github.com/labstack/echo/v4/context.go:286.2,286.63 1 9
github.com/labstack/echo/v4/context.go:296.2,296.57 1 3
github.com/labstack/echo/v4/context.go:301.2,302.11 2 1
github.com/labstack/echo/v4/context.go:282.48,284.3 1 0
github.com/labstack/echo/v4/context.go:286.63,288.12 2 6
github.com/labstack/echo/v4/context.go:294.3,294.12 1 2
github.com/labstack/echo/v4/context.go:288.12,293.4 4 4
github.com/labstack/echo/v4/context.go:296.57,300.3 3 2
github.com/labstack/echo/v4/context.go:305.33,307.2 1 171
github.com/labstack/echo/v4/context.go:309.37,311.2 1 4
github.com/labstack/echo/v4/context.go:313.45,314.29 1 590
github.com/labstack/echo/v4/context.go:321.2,321.11 1 14
github.com/labstack/echo/v4/context.go:314.29,315.25 1 913
github.com/labstack/echo/v4/context.go:315.25,316.17 1 913
github.com/labstack/echo/v4/context.go:316.17,318.5 1 576
github.com/labstack/echo/v4/context.go:324.41,326.2 1 56
github.com/labstack/echo/v4/context.go:328.50,332.26 3 36
github.com/labstack/echo/v4/context.go:336.2,336.24 1 36
github.com/labstack/echo/v4/context.go:332.26,334.3 1 32
github.com/labstack/echo/v4/context.go:336.24,342.3 3 32
github.com/labstack/echo/v4/context.go:345.42,347.2 1 63
github.com/labstack/echo/v4/context.go:349.52,353.30 2 35
github.com/labstack/echo/v4/context.go:356.2,356.29 1 35
github.com/labstack/echo/v4/context.go:353.30,355.3 1 1
github.com/labstack/echo/v4/context.go:356.29,358.3 1 42
github.com/labstack/echo/v4/context.go:361.50,362.20 1 122
github.com/labstack/echo/v4/context.go:365.2,365.26 1 122
github.com/labstack/echo/v4/context.go:362.20,364.3 1 95
github.com/labstack/echo/v4/context.go:368.44,369.20 1 177
github.com/labstack/echo/v4/context.go:372.2,372.16 1 177
github.com/labstack/echo/v4/context.go:369.20,371.3 1 142
github.com/labstack/echo/v4/context.go:375.40,377.2 1 1
github.com/labstack/echo/v4/context.go:379.49,381.2 1 2
github.com/labstack/echo/v4/context.go:383.52,384.83 1 10
github.com/labstack/echo/v4/context.go:393.2,393.28 1 9
github.com/labstack/echo/v4/context.go:384.83,385.69 1 3
github.com/labstack/echo/v4/context.go:385.69,387.4 1 1
github.com/labstack/echo/v4/context.go:388.8,389.47 1 7
github.com/labstack/echo/v4/context.go:389.47,391.4 1 0
github.com/labstack/echo/v4/context.go:396.72,398.16 2 1
github.com/labstack/echo/v4/context.go:401.2,402.16 2 1
github.com/labstack/echo/v4/context.go:398.16,400.3 1 0
github.com/labstack/echo/v4/context.go:405.60,408.2 2 1
github.com/labstack/echo/v4/context.go:410.61,412.2 1 1
github.com/labstack/echo/v4/context.go:414.50,416.2 1 1
github.com/labstack/echo/v4/context.go:418.44,420.2 1 1
github.com/labstack/echo/v4/context.go:422.47,426.2 3 129
github.com/labstack/echo/v4/context.go:428.52,432.20 3 164
github.com/labstack/echo/v4/context.go:435.2,435.20 1 164
github.com/labstack/echo/v4/context.go:432.20,434.3 1 3
github.com/labstack/echo/v4/context.go:438.45,440.2 1 40
github.com/labstack/echo/v4/context.go:442.49,443.29 1 2
github.com/labstack/echo/v4/context.go:446.2,446.37 1 1
github.com/labstack/echo/v4/context.go:443.29,445.3 1 1
github.com/labstack/echo/v4/context.go:449.79,450.28 1 2
github.com/labstack/echo/v4/context.go:453.2,454.66 2 1
github.com/labstack/echo/v4/context.go:457.2,457.38 1 1
github.com/labstack/echo/v4/context.go:450.28,452.3 1 1
github.com/labstack/echo/v4/context.go:454.66,456.3 1 0
github.com/labstack/echo/v4/context.go:460.59,462.2 1 1
github.com/labstack/echo/v4/context.go:464.60,466.2 1 2
github.com/labstack/echo/v4/context.go:468.58,470.2 1 45
github.com/labstack/echo/v4/context.go:472.83,474.68 2 1
github.com/labstack/echo/v4/context.go:477.2,479.67 3 1
github.com/labstack/echo/v4/context.go:482.2,482.69 1 1
github.com/labstack/echo/v4/context.go:485.2,485.57 1 1
github.com/labstack/echo/v4/context.go:488.2,488.8 1 1
github.com/labstack/echo/v4/context.go:474.68,476.3 1 0
github.com/labstack/echo/v4/context.go:479.67,481.3 1 0
github.com/labstack/echo/v4/context.go:482.69,484.3 1 0
github.com/labstack/echo/v4/context.go:485.57,487.3 1 0
github.com/labstack/echo/v4/context.go:491.70,495.2 3 37
github.com/labstack/echo/v4/context.go:497.61,499.68 2 35
github.com/labstack/echo/v4/context.go:502.2,502.32 1 35
github.com/labstack/echo/v4/context.go:499.68,501.3 1 5
github.com/labstack/echo/v4/context.go:505.82,507.2 1 1
github.com/labstack/echo/v4/context.go:509.60,511.2 1 1
github.com/labstack/echo/v4/context.go:513.79,515.2 1 1
github.com/labstack/echo/v4/context.go:517.78,520.67 3 1
github.com/labstack/echo/v4/context.go:523.2,523.46 1 1
github.com/labstack/echo/v4/context.go:526.2,527.8 2 1
github.com/labstack/echo/v4/context.go:520.67,522.3 1 0
github.com/labstack/echo/v4/context.go:523.46,525.3 1 0
github.com/labstack/echo/v4/context.go:530.75,534.18 4 6
github.com/labstack/echo/v4/context.go:537.2,537.63 1 6
github.com/labstack/echo/v4/context.go:540.2,540.22 1 5
github.com/labstack/echo/v4/context.go:534.18,536.3 1 2
github.com/labstack/echo/v4/context.go:537.63,539.3 1 1
github.com/labstack/echo/v4/context.go:543.60,545.68 2 4
github.com/labstack/echo/v4/context.go:548.2,548.31 1 4
github.com/labstack/echo/v4/context.go:545.68,547.3 1 1
github.com/labstack/echo/v4/context.go:551.81,553.2 1 1
github.com/labstack/echo/v4/context.go:555.59,558.63 3 1
github.com/labstack/echo/v4/context.go:561.2,562.8 2 1
github.com/labstack/echo/v4/context.go:558.63,560.3 1 0
github.com/labstack/echo/v4/context.go:565.76,570.2 4 48
github.com/labstack/echo/v4/context.go:572.81,577.2 4 1
github.com/labstack/echo/v4/context.go:579.55,581.2 1 1
github.com/labstack/echo/v4/context.go:583.51,585.2 1 1
github.com/labstack/echo/v4/context.go:587.80,590.2 2 2
github.com/labstack/echo/v4/context.go:592.45,595.2 2 9
github.com/labstack/echo/v4/context.go:597.56,598.30 1 10
github.com/labstack/echo/v4/context.go:601.2,603.12 3 9
github.com/labstack/echo/v4/context.go:598.30,600.3 1 1
github.com/labstack/echo/v4/context.go:606.36,608.2 1 1
github.com/labstack/echo/v4/context.go:610.32,612.2 1 33
github.com/labstack/echo/v4/context.go:614.41,616.2 1 106
github.com/labstack/echo/v4/context.go:618.45,620.2 1 1
github.com/labstack/echo/v4/context.go:622.35,624.16 2 3
github.com/labstack/echo/v4/context.go:627.2,627.22 1 2
github.com/labstack/echo/v4/context.go:624.16,626.3 1 1
github.com/labstack/echo/v4/context.go:630.39,632.2 1 1
github.com/labstack/echo/v4/context.go:634.65,644.40 9 103
github.com/labstack/echo/v4/context.go:644.40,646.3 1 62
github.com/labstack/echo/v4/context_fs.go:11.43,13.2 1 9
github.com/labstack/echo/v4/context_fs.go:20.63,22.2 1 2
github.com/labstack/echo/v4/context_fs.go:24.61,26.16 2 30
github.com/labstack/echo/v4/context_fs.go:29.2,32.16 3 25
github.com/labstack/echo/v4/context_fs.go:43.2,44.9 2 23
github.com/labstack/echo/v4/context_fs.go:47.2,48.12 2 23
github.com/labstack/echo/v4/context_fs.go:26.16,28.3 1 5
github.com/labstack/echo/v4/context_fs.go:32.16,35.17 3 11
github.com/labstack/echo/v4/context_fs.go:38.3,39.37 2 9
github.com/labstack/echo/v4/context_fs.go:35.17,37.4 1 2
github.com/labstack/echo/v4/context_fs.go:39.37,41.4 1 0
github.com/labstack/echo/v4/context_fs.go:44.9,46.3 1 0
github.com/labstack/echo/v4/ip.go:144.40,145.28 1 37
github.com/labstack/echo/v4/ip.go:145.28,147.3 1 37
github.com/labstack/echo/v4/ip.go:151.41,152.28 1 37
github.com/labstack/echo/v4/ip.go:152.28,154.3 1 37
github.com/labstack/echo/v4/ip.go:158.42,159.28 1 37
github.com/labstack/echo/v4/ip.go:159.28,161.3 1 37
github.com/labstack/echo/v4/ip.go:165.51,166.28 1 19
github.com/labstack/echo/v4/ip.go:166.28,168.3 1 19
github.com/labstack/echo/v4/ip.go:171.53,173.36 2 54
github.com/labstack/echo/v4/ip.go:176.2,176.16 1 54
github.com/labstack/echo/v4/ip.go:173.36,175.3 1 130
github.com/labstack/echo/v4/ip.go:180.39,181.33 1 31
github.com/labstack/echo/v4/ip.go:186.2,186.53 1 11
github.com/labstack/echo/v4/ip.go:181.33,185.3 1 20
github.com/labstack/echo/v4/ip.go:189.43,190.40 1 64
github.com/labstack/echo/v4/ip.go:193.2,193.49 1 55
github.com/labstack/echo/v4/ip.go:196.2,196.47 1 47
github.com/labstack/echo/v4/ip.go:199.2,199.50 1 38
github.com/labstack/echo/v4/ip.go:204.2,204.14 1 23
github.com/labstack/echo/v4/ip.go:190.40,192.3 1 9
github.com/labstack/echo/v4/ip.go:193.49,195.3 1 8
github.com/labstack/echo/v4/ip.go:196.47,198.3 1 9
github.com/labstack/echo/v4/ip.go:199.50,200.32 1 21
github.com/labstack/echo/v4/ip.go:200.32,202.4 1 15
github.com/labstack/echo/v4/ip.go:214.36,216.2 1 8
github.com/labstack/echo/v4/ip.go:218.42,221.2 2 20
github.com/labstack/echo/v4/ip.go:225.68,227.40 2 8
github.com/labstack/echo/v4/ip.go:227.40,229.19 2 8
github.com/labstack/echo/v4/ip.go:236.3,236.24 1 4
github.com/labstack/echo/v4/ip.go:229.19,232.65 3 7
github.com/labstack/echo/v4/ip.go:232.65,234.5 1 4
github.com/labstack/echo/v4/ip.go:243.65,245.40 2 8
github.com/labstack/echo/v4/ip.go:245.40,248.21 3 8
github.com/labstack/echo/v4/ip.go:251.3,252.38 2 7
github.com/labstack/echo/v4/ip.go:266.3,266.35 1 2
github.com/labstack/echo/v4/ip.go:248.21,250.4 1 1
github.com/labstack/echo/v4/ip.go:252.38,257.17 5 21
github.com/labstack/echo/v4/ip.go:261.4,261.26 1 20
github.com/labstack/echo/v4/ip.go:257.17,260.5 1 1
github.com/labstack/echo/v4/ip.go:261.26,263.5 1 4
github.com/labstack/echo/v4/response.go:25.64,27.2 1 586
github.com/labstack/echo/v4/response.go:35.41,37.2 1 263
github.com/labstack/echo/v4/response.go:40.38,42.2 1 2
github.com/labstack/echo/v4/response.go:46.37,48.2 1 1
github.com/labstack/echo/v4/response.go:54.42,55.17 1 143
github.com/labstack/echo/v4/response.go:59.2,60.35 2 143
github.com/labstack/echo/v4/response.go:63.2,64.20 2 143
github.com/labstack/echo/v4/response.go:55.17,58.3 2 0
github.com/labstack/echo/v4/response.go:60.35,62.3 1 2
github.com/labstack/echo/v4/response.go:68.55,69.18 1 211
github.com/labstack/echo/v4/response.go:75.2,77.34 3 211
github.com/labstack/echo/v4/response.go:80.2,80.8 1 211
github.com/labstack/echo/v4/response.go:69.18,70.20 1 41
github.com/labstack/echo/v4/response.go:73.3,73.26 1 41
github.com/labstack/echo/v4/response.go:70.20,72.4 1 5
github.com/labstack/echo/v4/response.go:77.34,79.3 1 1
github.com/labstack/echo/v4/response.go:86.28,88.2 1 1
github.com/labstack/echo/v4/response.go:93.66,95.2 1 0
github.com/labstack/echo/v4/response.go:97.49,104.2 6 103
github.com/labstack/echo/v4/router.go:69.41,83.2 1 824
github.com/labstack/echo/v4/router.go:85.44,89.22 3 1243
github.com/labstack/echo/v4/router.go:93.2,93.21 1 1243
github.com/labstack/echo/v4/router.go:97.2,97.18 1 1243
github.com/labstack/echo/v4/router.go:101.2,101.19 1 1243
github.com/labstack/echo/v4/router.go:105.2,105.20 1 1243
github.com/labstack/echo/v4/router.go:109.2,109.19 1 1243
github.com/labstack/echo/v4/router.go:113.2,113.23 1 1243
github.com/labstack/echo/v4/router.go:116.2,116.18 1 1243
github.com/labstack/echo/v4/router.go:120.2,120.20 1 1243
github.com/labstack/echo/v4/router.go:124.2,124.21 1 1243
github.com/labstack/echo/v4/router.go:127.2,127.33 1 1243
github.com/labstack/echo/v4/router.go:131.2,131.30 1 1243
github.com/labstack/echo/v4/router.go:89.22,92.3 2 361
github.com/labstack/echo/v4/router.go:93.21,96.3 2 390
github.com/labstack/echo/v4/router.go:97.18,100.3 2 1077
github.com/labstack/echo/v4/router.go:101.19,104.3 2 277
github.com/labstack/echo/v4/router.go:105.20,108.3 2 286
github.com/labstack/echo/v4/router.go:109.19,112.3 2 246
github.com/labstack/echo/v4/router.go:113.23,115.3 1 155
github.com/labstack/echo/v4/router.go:116.18,119.3 2 229
github.com/labstack/echo/v4/router.go:120.20,123.3 2 110
github.com/labstack/echo/v4/router.go:124.21,126.3 1 71
github.com/labstack/echo/v4/router.go:127.33,130.3 2 7
github.com/labstack/echo/v4/router.go:135.33,143.2 1 518
github.com/labstack/echo/v4/router.go:146.36,148.29 2 6
github.com/labstack/echo/v4/router.go:151.2,151.15 1 6
github.com/labstack/echo/v4/router.go:148.29,150.3 1 18
github.com/labstack/echo/v4/router.go:155.69,159.33 4 34
github.com/labstack/echo/v4/router.go:175.2,175.21 1 34
github.com/labstack/echo/v4/router.go:159.33,160.25 1 82
github.com/labstack/echo/v4/router.go:160.25,161.47 1 34
github.com/labstack/echo/v4/router.go:172.4,172.9 1 34
github.com/labstack/echo/v4/router.go:161.47,162.65 1 399
github.com/labstack/echo/v4/router.go:168.5,168.14 1 399
github.com/labstack/echo/v4/router.go:162.65,163.47 1 23
github.com/labstack/echo/v4/router.go:165.6,166.9 2 23
github.com/labstack/echo/v4/router.go:163.48,164.7 0 72
github.com/labstack/echo/v4/router.go:168.14,170.6 1 386
github.com/labstack/echo/v4/router.go:178.71,188.2 4 468
github.com/labstack/echo/v4/router.go:191.58,193.16 1 914
github.com/labstack/echo/v4/router.go:196.2,196.20 1 914
github.com/labstack/echo/v4/router.go:199.2,202.38 3 914
github.com/labstack/echo/v4/router.go:207.2,207.53 1 914
github.com/labstack/echo/v4/router.go:238.2,238.67 1 914
github.com/labstack/echo/v4/router.go:193.16,195.3 1 11
github.com/labstack/echo/v4/router.go:196.20,198.3 1 2
github.com/labstack/echo/v4/router.go:202.38,205.3 1 0
github.com/labstack/echo/v4/router.go:207.53,208.21 1 9179
github.com/labstack/echo/v4/router.go:208.21,209.34 1 579
github.com/labstack/echo/v4/router.go:215.4,218.46 3 575
github.com/labstack/echo/v4/router.go:221.4,225.21 4 575
github.com/labstack/echo/v4/router.go:209.34,213.13 4 4
github.com/labstack/echo/v4/router.go:218.47,219.5 0 2832
github.com/labstack/echo/v4/router.go:225.21,228.5 1 161
github.com/labstack/echo/v4/router.go:228.10,230.5 1 414
github.com/labstack/echo/v4/router.go:231.9,231.28 1 8600
github.com/labstack/echo/v4/router.go:231.28,235.4 3 261
github.com/labstack/echo/v4/router.go:241.70,244.33 2 2586
github.com/labstack/echo/v4/router.go:248.2,249.24 2 2586
github.com/labstack/echo/v4/router.go:252.2,254.6 2 2586
github.com/labstack/echo/v4/router.go:244.33,246.3 1 142
github.com/labstack/echo/v4/router.go:249.24,250.32 1 0
github.com/labstack/echo/v4/router.go:254.6,261.22 5 9546
github.com/labstack/echo/v4/router.go:264.3,264.80 1 9546
github.com/labstack/echo/v4/router.go:267.3,267.18 1 9546
github.com/labstack/echo/v4/router.go:377.3,377.9 1 2586
github.com/labstack/echo/v4/router.go:261.22,263.4 1 77
github.com/labstack/echo/v4/router.go:264.81,265.4 0 21573
github.com/labstack/echo/v4/router.go:267.18,271.25 3 163
github.com/labstack/echo/v4/router.go:277.4,277.122 1 163
github.com/labstack/echo/v4/router.go:271.25,276.5 4 88
github.com/labstack/echo/v4/router.go:278.9,278.32 1 9383
github.com/labstack/echo/v4/router.go:278.32,298.53 2 140
github.com/labstack/echo/v4/router.go:301.4,301.37 1 140
github.com/labstack/echo/v4/router.go:304.4,304.35 1 140
github.com/labstack/echo/v4/router.go:309.4,325.27 14 140
github.com/labstack/echo/v4/router.go:344.4,344.122 1 140
github.com/labstack/echo/v4/router.go:298.53,300.5 1 47
github.com/labstack/echo/v4/router.go:301.37,303.5 1 27
github.com/labstack/echo/v4/router.go:304.35,306.5 1 11
github.com/labstack/echo/v4/router.go:325.27,328.26 2 41
github.com/labstack/echo/v4/router.go:328.26,332.6 3 9
github.com/labstack/echo/v4/router.go:333.10,336.26 2 99
github.com/labstack/echo/v4/router.go:342.5,342.34 1 99
github.com/labstack/echo/v4/router.go:336.26,340.6 3 63
github.com/labstack/echo/v4/router.go:345.9,345.32 1 9243
github.com/labstack/echo/v4/router.go:345.32,348.16 3 7545
github.com/labstack/echo/v4/router.go:354.4,355.25 2 585
github.com/labstack/echo/v4/router.go:360.4,360.13 1 585
github.com/labstack/echo/v4/router.go:368.4,368.122 1 585
github.com/labstack/echo/v4/router.go:348.16,351.13 2 6960
github.com/labstack/echo/v4/router.go:355.25,358.5 2 405
github.com/labstack/echo/v4/router.go:361.20,362.34 1 268
github.com/labstack/echo/v4/router.go:363.19,364.31 1 164
github.com/labstack/echo/v4/router.go:365.17,366.29 1 153
github.com/labstack/echo/v4/router.go:369.9,371.25 1 1698
github.com/labstack/echo/v4/router.go:371.25,375.5 3 771
github.com/labstack/echo/v4/router.go:392.9,408.2 1 824
github.com/labstack/echo/v4/router.go:410.40,412.2 1 507
github.com/labstack/echo/v4/router.go:414.46,415.37 1 9803
github.com/labstack/echo/v4/router.go:420.2,420.12 1 3263
github.com/labstack/echo/v4/router.go:415.37,416.19 1 15482
github.com/labstack/echo/v4/router.go:416.19,418.4 1 6540
github.com/labstack/echo/v4/router.go:423.49,424.41 1 7545
github.com/labstack/echo/v4/router.go:427.2,427.21 1 2672
github.com/labstack/echo/v4/router.go:430.2,430.19 1 792
github.com/labstack/echo/v4/router.go:433.2,433.12 1 268
github.com/labstack/echo/v4/router.go:424.41,426.3 1 4873
github.com/labstack/echo/v4/router.go:427.21,429.3 1 1880
github.com/labstack/echo/v4/router.go:430.19,432.3 1 524
github.com/labstack/echo/v4/router.go:436.57,437.16 1 1336
github.com/labstack/echo/v4/router.go:474.2,475.20 2 1243
github.com/labstack/echo/v4/router.go:438.26,439.24 1 35
github.com/labstack/echo/v4/router.go:440.25,441.23 1 91
github.com/labstack/echo/v4/router.go:442.22,443.20 1 679
github.com/labstack/echo/v4/router.go:444.23,445.21 1 35
github.com/labstack/echo/v4/router.go:446.26,447.24 1 35
github.com/labstack/echo/v4/router.go:448.24,449.22 1 72
github.com/labstack/echo/v4/router.go:450.23,451.21 1 86
github.com/labstack/echo/v4/router.go:452.16,453.25 1 33
github.com/labstack/echo/v4/router.go:454.22,455.20 1 103
github.com/labstack/echo/v4/router.go:456.24,457.22 1 35
github.com/labstack/echo/v4/router.go:458.14,459.23 1 33
github.com/labstack/echo/v4/router.go:460.21,462.9 2 93
github.com/labstack/echo/v4/router.go:463.10,464.32 1 6
github.com/labstack/echo/v4/router.go:467.3,467.23 1 6
github.com/labstack/echo/v4/router.go:464.32,466.4 1 4
github.com/labstack/echo/v4/router.go:467.23,469.4 1 0
github.com/labstack/echo/v4/router.go:469.9,471.4 1 6
github.com/labstack/echo/v4/router.go:478.55,479.16 1 485
github.com/labstack/echo/v4/router.go:480.26,481.27 1 2
github.com/labstack/echo/v4/router.go:482.25,483.26 1 33
github.com/labstack/echo/v4/router.go:484.22,485.23 1 354
github.com/labstack/echo/v4/router.go:486.23,487.24 1 2
github.com/labstack/echo/v4/router.go:488.26,489.27 1 5
github.com/labstack/echo/v4/router.go:490.24,491.25 1 21
github.com/labstack/echo/v4/router.go:492.23,493.24 1 40
github.com/labstack/echo/v4/router.go:494.16,495.28 1 1
github.com/labstack/echo/v4/router.go:496.22,497.23 1 21
github.com/labstack/echo/v4/router.go:498.24,499.25 1 2
github.com/labstack/echo/v4/router.go:500.14,501.26 1 1
github.com/labstack/echo/v4/router.go:502.10,503.36 1 3
github.com/labstack/echo/v4/router.go:507.70,508.31 1 3
github.com/labstack/echo/v4/router.go:508.31,514.3 2 3
github.com/labstack/echo/v4/router.go:525.55,546.81 5 503
github.com/labstack/echo/v4/router.go:584.2,584.6 1 503
github.com/labstack/echo/v4/router.go:710.2,710.56 1 498
github.com/labstack/echo/v4/router.go:716.2,718.31 3 489
github.com/labstack/echo/v4/router.go:742.2,743.22 2 489
github.com/labstack/echo/v4/router.go:546.81,552.31 4 109
github.com/labstack/echo/v4/router.go:558.3,558.29 1 109
github.com/labstack/echo/v4/router.go:564.3,564.34 1 79
github.com/labstack/echo/v4/router.go:573.3,574.9 2 79
github.com/labstack/echo/v4/router.go:552.31,554.4 1 4
github.com/labstack/echo/v4/router.go:554.9,556.4 1 105
github.com/labstack/echo/v4/router.go:558.29,561.4 1 30
github.com/labstack/echo/v4/router.go:564.34,566.4 1 50
github.com/labstack/echo/v4/router.go:566.9,572.4 3 29
github.com/labstack/echo/v4/router.go:584.6,588.37 3 2705
github.com/labstack/echo/v4/router.go:601.3,601.26 1 2705
github.com/labstack/echo/v4/router.go:618.3,622.19 3 2675
github.com/labstack/echo/v4/router.go:641.3,641.19 1 2288
github.com/labstack/echo/v4/router.go:650.3,650.68 1 682
github.com/labstack/echo/v4/router.go:672.3,672.50 1 172
github.com/labstack/echo/v4/router.go:697.3,698.10 2 79
github.com/labstack/echo/v4/router.go:588.37,594.23 4 2170
github.com/labstack/echo/v4/router.go:597.4,597.81 1 2170
github.com/labstack/echo/v4/router.go:594.23,596.5 1 7
github.com/labstack/echo/v4/router.go:597.82,598.5 0 5926
github.com/labstack/echo/v4/router.go:601.26,604.11 2 30
github.com/labstack/echo/v4/router.go:604.11,606.5 1 5
github.com/labstack/echo/v4/router.go:606.10,606.30 1 25
github.com/labstack/echo/v4/router.go:606.30,607.15 1 25
github.com/labstack/echo/v4/router.go:611.10,613.10 1 0
github.com/labstack/echo/v4/router.go:622.19,624.29 1 417
github.com/labstack/echo/v4/router.go:624.29,627.37 1 388
github.com/labstack/echo/v4/router.go:630.5,630.54 1 388
github.com/labstack/echo/v4/router.go:627.37,629.6 1 387
github.com/labstack/echo/v4/router.go:630.54,632.11 2 379
github.com/labstack/echo/v4/router.go:634.10,634.49 1 29
github.com/labstack/echo/v4/router.go:634.49,636.10 2 8
github.com/labstack/echo/v4/router.go:641.19,642.69 1 2258
github.com/labstack/echo/v4/router.go:642.69,644.13 2 1667
github.com/labstack/echo/v4/router.go:650.68,654.26 4 535
github.com/labstack/echo/v4/router.go:663.4,667.12 5 535
github.com/labstack/echo/v4/router.go:654.26,658.5 1 100
github.com/labstack/echo/v4/router.go:658.10,659.42 1 435
github.com/labstack/echo/v4/router.go:659.43,660.6 0 2158
github.com/labstack/echo/v4/router.go:672.50,682.53 6 97
github.com/labstack/echo/v4/router.go:687.4,687.36 1 9
github.com/labstack/echo/v4/router.go:690.4,690.42 1 9
github.com/labstack/echo/v4/router.go:682.53,684.10 2 88
github.com/labstack/echo/v4/router.go:687.36,689.5 1 7
github.com/labstack/echo/v4/router.go:690.42,692.10 2 5
github.com/labstack/echo/v4/router.go:698.10,699.9 1 14
github.com/labstack/echo/v4/router.go:700.9,700.29 1 65
github.com/labstack/echo/v4/router.go:700.29,701.14 1 36
github.com/labstack/echo/v4/router.go:702.9,702.27 1 29
github.com/labstack/echo/v4/router.go:702.27,703.12 1 25
github.com/labstack/echo/v4/router.go:704.9,706.9 1 4
github.com/labstack/echo/v4/router.go:710.56,712.3 1 9
github.com/labstack/echo/v4/router.go:718.31,722.3 3 480
github.com/labstack/echo/v4/router.go:722.8,730.41 5 9
github.com/labstack/echo/v4/router.go:730.41,734.4 3 1
github.com/labstack/echo/v4/router.go:734.9,734.35 1 8
github.com/labstack/echo/v4/router.go:734.35,737.36 3 8
github.com/labstack/echo/v4/router.go:737.36,739.5 1 3
github.com/labstack/echo/v4/bind.go:33.72,37.29 4 54
github.com/labstack/echo/v4/bind.go:40.2,40.55 1 54
github.com/labstack/echo/v4/bind.go:43.2,43.12 1 54
github.com/labstack/echo/v4/bind.go:37.29,39.3 1 15
github.com/labstack/echo/v4/bind.go:40.55,42.3 1 0
github.com/labstack/echo/v4/bind.go:47.73,48.64 1 21
github.com/labstack/echo/v4/bind.go:51.2,51.12 1 19
github.com/labstack/echo/v4/bind.go:48.64,50.3 1 2
github.com/labstack/echo/v4/bind.go:59.72,61.28 2 65
github.com/labstack/echo/v4/bind.go:65.2,66.9 2 53
github.com/labstack/echo/v4/bind.go:96.2,96.12 1 37
github.com/labstack/echo/v4/bind.go:61.28,63.3 1 12
github.com/labstack/echo/v4/bind.go:67.53,68.66 1 29
github.com/labstack/echo/v4/bind.go:76.91,77.59 1 15
github.com/labstack/echo/v4/bind.go:85.98,87.17 2 8
github.com/labstack/echo/v4/bind.go:90.3,90.54 1 8
github.com/labstack/echo/v4/bind.go:93.10,94.33 1 1
github.com/labstack/echo/v4/bind.go:68.66,69.22 1 7
github.com/labstack/echo/v4/bind.go:70.20,71.15 1 5
github.com/labstack/echo/v4/bind.go:72.12,73.77 1 2
github.com/labstack/echo/v4/bind.go:77.59,78.54 1 7
github.com/labstack/echo/v4/bind.go:83.4,83.76 1 4
github.com/labstack/echo/v4/bind.go:78.54,80.5 1 0
github.com/labstack/echo/v4/bind.go:80.10,80.51 1 7
github.com/labstack/echo/v4/bind.go:80.51,82.5 1 3
github.com/labstack/echo/v4/bind.go:87.17,89.4 1 0
github.com/labstack/echo/v4/bind.go:90.54,92.4 1 1
github.com/labstack/echo/v4/bind.go:100.69,101.68 1 2
github.com/labstack/echo/v4/bind.go:104.2,104.12 1 1
github.com/labstack/echo/v4/bind.go:101.68,103.3 1 1
github.com/labstack/echo/v4/bind.go:110.68,111.47 1 54
github.com/labstack/echo/v4/bind.go:117.3,118.90 2 54
github.com/labstack/echo/v4/bind.go:123.2,123.25 1 52
github.com/labstack/echo/v4/bind.go:111.47,113.3 1 0
github.com/labstack/echo/v4/bind.go:118.90,119.48 1 21
github.com/labstack/echo/v4/bind.go:119.48,121.4 1 2
github.com/labstack/echo/v4/bind.go:127.103,128.42 1 91
github.com/labstack/echo/v4/bind.go:131.2,135.31 3 48
github.com/labstack/echo/v4/bind.go:143.2,143.34 1 48
github.com/labstack/echo/v4/bind.go:151.2,151.38 1 44
github.com/labstack/echo/v4/bind.go:223.2,223.12 1 41
github.com/labstack/echo/v4/bind.go:128.42,130.3 1 43
github.com/labstack/echo/v4/bind.go:135.31,136.26 1 0
github.com/labstack/echo/v4/bind.go:139.3,139.13 1 0
github.com/labstack/echo/v4/bind.go:136.26,138.4 1 0
github.com/labstack/echo/v4/bind.go:143.34,144.58 1 4
github.com/labstack/echo/v4/bind.go:148.3,148.56 1 1
github.com/labstack/echo/v4/bind.go:144.58,147.4 1 3
github.com/labstack/echo/v4/bind.go:151.38,154.26 3 131
github.com/labstack/echo/v4/bind.go:159.3,159.28 1 131
github.com/labstack/echo/v4/bind.go:162.3,164.90 3 126
github.com/labstack/echo/v4/bind.go:169.3,169.27 1 125
github.com/labstack/echo/v4/bind.go:181.3,182.14 2 60
github.com/labstack/echo/v4/bind.go:196.3,196.14 1 60
github.com/labstack/echo/v4/bind.go:201.3,201.87 1 53
github.com/labstack/echo/v4/bind.go:208.3,209.55 2 47
github.com/labstack/echo/v4/bind.go:154.26,155.41 1 3
github.com/labstack/echo/v4/bind.go:155.41,157.5 1 3
github.com/labstack/echo/v4/bind.go:159.28,160.12 1 5
github.com/labstack/echo/v4/bind.go:164.90,167.4 1 1
github.com/labstack/echo/v4/bind.go:169.27,172.107 1 65
github.com/labstack/echo/v4/bind.go:178.4,178.12 1 65
github.com/labstack/echo/v4/bind.go:172.107,173.81 1 5
github.com/labstack/echo/v4/bind.go:173.81,175.6 1 0
github.com/labstack/echo/v4/bind.go:182.14,187.27 1 13
github.com/labstack/echo/v4/bind.go:187.27,188.45 1 15
github.com/labstack/echo/v4/bind.go:188.45,191.11 3 6
github.com/labstack/echo/v4/bind.go:196.14,197.12 1 7
github.com/labstack/echo/v4/bind.go:201.87,202.18 1 6
github.com/labstack/echo/v4/bind.go:205.4,205.12 1 6
github.com/labstack/echo/v4/bind.go:202.18,204.5 1 0
github.com/labstack/echo/v4/bind.go:209.55,212.34 3 2
github.com/labstack/echo/v4/bind.go:217.4,217.27 1 2
github.com/labstack/echo/v4/bind.go:212.34,213.85 1 4
github.com/labstack/echo/v4/bind.go:213.85,215.6 1 0
github.com/labstack/echo/v4/bind.go:218.9,218.101 1 45
github.com/labstack/echo/v4/bind.go:218.101,221.4 1 2
github.com/labstack/echo/v4/bind.go:226.93,228.64 1 96
github.com/labstack/echo/v4/bind.go:232.2,232.19 1 88
github.com/labstack/echo/v4/bind.go:266.2,266.12 1 29
github.com/labstack/echo/v4/bind.go:228.64,230.3 1 8
github.com/labstack/echo/v4/bind.go:233.19,234.79 1 14
github.com/labstack/echo/v4/bind.go:235.19,236.42 1 18
github.com/labstack/echo/v4/bind.go:237.20,238.42 1 2
github.com/labstack/echo/v4/bind.go:239.21,240.43 1 2
github.com/labstack/echo/v4/bind.go:241.21,242.43 1 2
github.com/labstack/echo/v4/bind.go:243.21,244.43 1 4
github.com/labstack/echo/v4/bind.go:245.20,246.43 1 2
github.com/labstack/echo/v4/bind.go:247.21,248.43 1 2
github.com/labstack/echo/v4/bind.go:249.22,250.44 1 2
github.com/labstack/echo/v4/bind.go:251.22,252.44 1 2
github.com/labstack/echo/v4/bind.go:253.22,254.44 1 2
github.com/labstack/echo/v4/bind.go:255.20,256.40 1 2
github.com/labstack/echo/v4/bind.go:257.23,258.45 1 2
github.com/labstack/echo/v4/bind.go:259.23,260.45 1 2
github.com/labstack/echo/v4/bind.go:261.22,262.29 1 29
github.com/labstack/echo/v4/bind.go:263.10,264.36 1 1
github.com/labstack/echo/v4/bind.go:269.92,270.19 1 149
github.com/labstack/echo/v4/bind.go:271.19,272.39 1 18
github.com/labstack/echo/v4/bind.go:273.10,274.42 1 131
github.com/labstack/echo/v4/bind.go:278.76,280.58 2 150
github.com/labstack/echo/v4/bind.go:283.2,283.67 1 141
github.com/labstack/echo/v4/bind.go:287.2,287.19 1 135
github.com/labstack/echo/v4/bind.go:280.58,282.3 1 9
github.com/labstack/echo/v4/bind.go:283.67,285.3 1 6
github.com/labstack/echo/v4/bind.go:290.73,291.19 1 18
github.com/labstack/echo/v4/bind.go:295.2,295.50 1 18
github.com/labstack/echo/v4/bind.go:291.19,294.3 1 18
github.com/labstack/echo/v4/bind.go:298.72,299.17 1 30
github.com/labstack/echo/v4/bind.go:302.2,303.16 2 30
github.com/labstack/echo/v4/bind.go:306.2,306.12 1 30
github.com/labstack/echo/v4/bind.go:299.17,301.3 1 1
github.com/labstack/echo/v4/bind.go:303.16,305.3 1 28
github.com/labstack/echo/v4/bind.go:309.73,310.17 1 12
github.com/labstack/echo/v4/bind.go:313.2,314.16 2 12
github.com/labstack/echo/v4/bind.go:317.2,317.12 1 12
github.com/labstack/echo/v4/bind.go:310.17,312.3 1 1
github.com/labstack/echo/v4/bind.go:314.16,316.3 1 12
github.com/labstack/echo/v4/bind.go:320.60,321.17 1 4
github.com/labstack/echo/v4/bind.go:324.2,325.16 2 4
github.com/labstack/echo/v4/bind.go:328.2,328.12 1 4
github.com/labstack/echo/v4/bind.go:321.17,323.3 1 1
github.com/labstack/echo/v4/bind.go:325.16,327.3 1 4
github.com/labstack/echo/v4/bind.go:331.74,332.17 1 6
github.com/labstack/echo/v4/bind.go:335.2,336.16 2 6
github.com/labstack/echo/v4/bind.go:339.2,339.12 1 6
github.com/labstack/echo/v4/bind.go:332.17,334.3 1 1
github.com/labstack/echo/v4/bind.go:336.16,338.3 1 6
github.com/labstack/echo/v4/echo.go:316.42,318.3 1 14
github.com/labstack/echo/v4/echo.go:320.50,324.37 2 4
github.com/labstack/echo/v4/echo.go:327.3,327.29 1 4
github.com/labstack/echo/v4/echo.go:324.37,326.4 1 4
github.com/labstack/echo/v4/echo.go:332.22,352.34 9 511
github.com/labstack/echo/v4/echo.go:355.2,357.8 3 511
github.com/labstack/echo/v4/echo.go:352.34,354.3 1 84
github.com/labstack/echo/v4/echo.go:361.75,370.2 1 585
github.com/labstack/echo/v4/echo.go:373.33,375.2 1 4
github.com/labstack/echo/v4/echo.go:378.45,380.2 1 2
github.com/labstack/echo/v4/echo.go:389.62,391.28 1 28
github.com/labstack/echo/v4/echo.go:395.2,396.8 2 27
github.com/labstack/echo/v4/echo.go:410.2,412.38 3 27
github.com/labstack/echo/v4/echo.go:421.2,421.43 1 27
github.com/labstack/echo/v4/echo.go:426.2,426.16 1 27
github.com/labstack/echo/v4/echo.go:391.28,393.3 1 1
github.com/labstack/echo/v4/echo.go:396.8,397.25 1 22
github.com/labstack/echo/v4/echo.go:397.25,398.48 1 1
github.com/labstack/echo/v4/echo.go:398.48,400.5 1 0
github.com/labstack/echo/v4/echo.go:402.8,407.3 1 5
github.com/labstack/echo/v4/echo.go:412.38,413.14 1 25
github.com/labstack/echo/v4/echo.go:413.14,415.4 1 3
github.com/labstack/echo/v4/echo.go:415.9,417.4 1 22
github.com/labstack/echo/v4/echo.go:421.43,423.3 1 0
github.com/labstack/echo/v4/echo.go:423.8,425.3 1 27
github.com/labstack/echo/v4/echo.go:426.16,428.3 1 0
github.com/labstack/echo/v4/echo.go:432.50,434.2 1 1
github.com/labstack/echo/v4/echo.go:437.50,439.2 1 6
github.com/labstack/echo/v4/echo.go:443.80,445.2 1 1
github.com/labstack/echo/v4/echo.go:449.79,451.2 1 1
github.com/labstack/echo/v4/echo.go:455.76,457.2 1 62
github.com/labstack/echo/v4/echo.go:461.77,463.2 1 1
github.com/labstack/echo/v4/echo.go:467.80,469.2 1 1
github.com/labstack/echo/v4/echo.go:473.78,475.2 1 1
github.com/labstack/echo/v4/echo.go:479.77,481.2 1 7
github.com/labstack/echo/v4/echo.go:485.76,487.2 1 5
github.com/labstack/echo/v4/echo.go:491.78,493.2 1 1
github.com/labstack/echo/v4/echo.go:501.86,503.2 1 12
github.com/labstack/echo/v4/echo.go:510.93,512.28 2 7
github.com/labstack/echo/v4/echo.go:515.2,515.15 1 7
github.com/labstack/echo/v4/echo.go:512.28,514.3 1 77
github.com/labstack/echo/v4/echo.go:520.113,522.28 2 1
github.com/labstack/echo/v4/echo.go:525.2,525.15 1 1
github.com/labstack/echo/v4/echo.go:522.28,524.3 1 2
github.com/labstack/echo/v4/echo.go:529.30,530.41 1 5
github.com/labstack/echo/v4/echo.go:530.41,532.3 1 4
github.com/labstack/echo/v4/echo.go:536.68,538.2 1 3
github.com/labstack/echo/v4/echo.go:540.106,544.64 3 461
github.com/labstack/echo/v4/echo.go:549.2,549.32 1 461
github.com/labstack/echo/v4/echo.go:553.2,553.14 1 461
github.com/labstack/echo/v4/echo.go:544.64,547.3 2 117
github.com/labstack/echo/v4/echo.go:549.32,551.3 1 2
github.com/labstack/echo/v4/echo.go:558.99,560.2 1 222
github.com/labstack/echo/v4/echo.go:563.66,568.2 4 7
github.com/labstack/echo/v4/echo.go:571.69,575.2 3 19
github.com/labstack/echo/v4/echo.go:578.71,581.2 2 8
github.com/labstack/echo/v4/echo.go:584.65,586.2 1 8
github.com/labstack/echo/v4/echo.go:589.67,591.2 1 20
github.com/labstack/echo/v4/echo.go:595.34,597.2 1 3
github.com/labstack/echo/v4/echo.go:601.41,603.2 1 1
github.com/labstack/echo/v4/echo.go:607.42,609.2 1 1
github.com/labstack/echo/v4/echo.go:612.66,618.28 4 100
github.com/labstack/echo/v4/echo.go:633.2,633.29 1 100
github.com/labstack/echo/v4/echo.go:638.2,638.15 1 100
github.com/labstack/echo/v4/echo.go:618.28,622.3 3 99
github.com/labstack/echo/v4/echo.go:622.8,623.29 1 1
github.com/labstack/echo/v4/echo.go:629.3,629.45 1 1
github.com/labstack/echo/v4/echo.go:623.29,628.4 4 1
github.com/labstack/echo/v4/echo.go:633.29,635.3 1 26
github.com/labstack/echo/v4/echo.go:642.44,645.52 3 11
github.com/labstack/echo/v4/echo.go:649.2,650.35 2 10
github.com/labstack/echo/v4/echo.go:645.52,648.3 2 1
github.com/labstack/echo/v4/echo.go:656.84,659.57 3 12
github.com/labstack/echo/v4/echo.go:664.2,665.55 2 9
github.com/labstack/echo/v4/echo.go:670.2,673.79 4 7
github.com/labstack/echo/v4/echo.go:678.2,679.45 2 6
github.com/labstack/echo/v4/echo.go:683.2,684.31 2 5
github.com/labstack/echo/v4/echo.go:659.57,662.3 2 3
github.com/labstack/echo/v4/echo.go:665.55,668.3 2 2
github.com/labstack/echo/v4/echo.go:673.79,676.3 2 1
github.com/labstack/echo/v4/echo.go:679.45,682.3 2 1
github.com/labstack/echo/v4/echo.go:687.79,688.35 1 21
github.com/labstack/echo/v4/echo.go:689.14,690.24 1 13
github.com/labstack/echo/v4/echo.go:691.14,692.16 1 5
github.com/labstack/echo/v4/echo.go:693.10,694.38 1 3
github.com/labstack/echo/v4/echo.go:699.51,707.45 7 2
github.com/labstack/echo/v4/echo.go:711.2,712.31 2 1
github.com/labstack/echo/v4/echo.go:707.45,710.3 2 1
github.com/labstack/echo/v4/echo.go:715.45,718.21 3 8
github.com/labstack/echo/v4/echo.go:718.21,720.3 1 8
github.com/labstack/echo/v4/echo.go:724.56,726.45 2 4
github.com/labstack/echo/v4/echo.go:730.2,730.24 1 2
github.com/labstack/echo/v4/echo.go:734.2,735.28 2 1
github.com/labstack/echo/v4/echo.go:726.45,729.3 2 2
github.com/labstack/echo/v4/echo.go:730.24,733.3 2 1
github.com/labstack/echo/v4/echo.go:738.54,743.13 4 23
github.com/labstack/echo/v4/echo.go:747.2,747.19 1 23
github.com/labstack/echo/v4/echo.go:751.2,751.24 1 23
github.com/labstack/echo/v4/echo.go:764.2,764.26 1 10
github.com/labstack/echo/v4/echo.go:771.2,771.17 1 7
github.com/labstack/echo/v4/echo.go:774.2,774.12 1 7
github.com/labstack/echo/v4/echo.go:743.13,745.3 1 4
github.com/labstack/echo/v4/echo.go:747.19,749.3 1 21
github.com/labstack/echo/v4/echo.go:751.24,752.24 1 13
github.com/labstack/echo/v4/echo.go:759.3,759.18 1 11
github.com/labstack/echo/v4/echo.go:762.3,762.13 1 11
github.com/labstack/echo/v4/echo.go:752.24,754.18 2 13
github.com/labstack/echo/v4/echo.go:757.4,757.18 1 11
github.com/labstack/echo/v4/echo.go:754.18,756.5 1 2
github.com/labstack/echo/v4/echo.go:759.18,761.4 1 11
github.com/labstack/echo/v4/echo.go:764.26,766.17 2 10
github.com/labstack/echo/v4/echo.go:769.3,769.50 1 7
github.com/labstack/echo/v4/echo.go:766.17,768.4 1 3
github.com/labstack/echo/v4/echo.go:771.17,773.3 1 7
github.com/labstack/echo/v4/echo.go:778.40,781.23 3 15
github.com/labstack/echo/v4/echo.go:784.2,784.26 1 14
github.com/labstack/echo/v4/echo.go:781.23,783.3 1 1
github.com/labstack/echo/v4/echo.go:788.43,791.26 3 10
github.com/labstack/echo/v4/echo.go:794.2,794.29 1 9
github.com/labstack/echo/v4/echo.go:791.26,793.3 1 1
github.com/labstack/echo/v4/echo.go:798.72,806.13 7 2
github.com/labstack/echo/v4/echo.go:810.2,810.19 1 2
github.com/labstack/echo/v4/echo.go:814.2,814.23 1 2
github.com/labstack/echo/v4/echo.go:822.2,822.17 1 1
github.com/labstack/echo/v4/echo.go:825.2,826.28 2 1
github.com/labstack/echo/v4/echo.go:806.13,808.3 1 2
github.com/labstack/echo/v4/echo.go:810.19,812.3 1 2
github.com/labstack/echo/v4/echo.go:814.23,816.17 2 2
github.com/labstack/echo/v4/echo.go:820.3,820.17 1 1
github.com/labstack/echo/v4/echo.go:816.17,819.4 2 1
github.com/labstack/echo/v4/echo.go:822.17,824.3 1 1
github.com/labstack/echo/v4/echo.go:831.30,834.44 3 27
github.com/labstack/echo/v4/echo.go:837.2,837.25 1 27
github.com/labstack/echo/v4/echo.go:834.44,836.3 1 0
github.com/labstack/echo/v4/echo.go:842.55,845.50 3 2
github.com/labstack/echo/v4/echo.go:848.2,848.31 1 2
github.com/labstack/echo/v4/echo.go:845.50,847.3 1 0
github.com/labstack/echo/v4/echo.go:852.64,854.22 2 43
github.com/labstack/echo/v4/echo.go:857.2,857.11 1 43
github.com/labstack/echo/v4/echo.go:854.22,856.3 1 30
github.com/labstack/echo/v4/echo.go:861.37,862.24 1 109
github.com/labstack/echo/v4/echo.go:865.2,865.90 1 76
github.com/labstack/echo/v4/echo.go:862.24,864.3 1 33
github.com/labstack/echo/v4/echo.go:869.56,872.2 2 23
github.com/labstack/echo/v4/echo.go:875.57,881.2 1 2
github.com/labstack/echo/v4/echo.go:884.37,886.2 1 3
github.com/labstack/echo/v4/echo.go:889.46,890.31 1 1
github.com/labstack/echo/v4/echo.go:890.31,893.3 2 1
github.com/labstack/echo/v4/echo.go:897.71,898.44 1 1
github.com/labstack/echo/v4/echo.go:898.44,899.38 1 1
github.com/labstack/echo/v4/echo.go:899.38,900.68 1 1
github.com/labstack/echo/v4/echo.go:905.4,905.10 1 1
github.com/labstack/echo/v4/echo.go:900.68,904.5 3 1
github.com/labstack/echo/v4/echo.go:914.38,916.16 2 100
github.com/labstack/echo/v4/echo.go:919.2,919.13 1 100
github.com/labstack/echo/v4/echo.go:916.16,918.3 1 96
github.com/labstack/echo/v4/echo.go:922.48,923.24 1 561
github.com/labstack/echo/v4/echo.go:928.2,928.17 1 519
github.com/labstack/echo/v4/echo.go:923.24,924.35 1 45
github.com/labstack/echo/v4/echo.go:924.35,926.4 1 42
github.com/labstack/echo/v4/echo.go:931.40,933.30 2 469
github.com/labstack/echo/v4/echo.go:936.2,936.19 1 0
github.com/labstack/echo/v4/echo.go:933.30,935.3 1 469
github.com/labstack/echo/v4/echo.go:952.65,953.41 1 27
github.com/labstack/echo/v4/echo.go:960.2,961.8 2 8
github.com/labstack/echo/v4/echo.go:953.41,955.3 1 15
github.com/labstack/echo/v4/echo.go:955.8,955.66 1 8
github.com/labstack/echo/v4/echo.go:955.66,957.3 1 0
github.com/labstack/echo/v4/echo.go:964.74,965.64 1 25
github.com/labstack/echo/v4/echo.go:968.2,969.16 2 24
github.com/labstack/echo/v4/echo.go:972.2,972.57 1 19
github.com/labstack/echo/v4/echo.go:965.64,967.3 1 1
github.com/labstack/echo/v4/echo.go:969.16,971.3 1 5
github.com/labstack/echo/v4/echo.go:975.79,976.44 1 218
github.com/labstack/echo/v4/echo.go:979.2,979.10 1 218
github.com/labstack/echo/v4/echo.go:976.44,978.3 1 32
github.com/labstack/echo/v4/echo_fs.go:23.36,27.2 1 511
github.com/labstack/echo/v4/echo_fs.go:30.57,37.2 2 17
github.com/labstack/echo/v4/echo_fs.go:44.69,50.2 1 15
github.com/labstack/echo/v4/echo_fs.go:54.87,55.31 1 31
github.com/labstack/echo/v4/echo_fs.go:55.31,57.29 2 29
github.com/labstack/echo/v4/echo_fs.go:66.3,68.17 3 29
github.com/labstack/echo/v4/echo_fs.go:73.3,74.53 2 23
github.com/labstack/echo/v4/echo_fs.go:78.3,78.37 1 15
github.com/labstack/echo/v4/echo_fs.go:57.29,59.18 2 29
github.com/labstack/echo/v4/echo_fs.go:62.4,62.15 1 29
github.com/labstack/echo/v4/echo_fs.go:59.18,61.5 1 0
github.com/labstack/echo/v4/echo_fs.go:68.17,70.4 1 6
github.com/labstack/echo/v4/echo_fs.go:74.53,77.4 1 8
github.com/labstack/echo/v4/echo_fs.go:83.88,85.2 1 3
github.com/labstack/echo/v4/echo_fs.go:88.67,89.31 1 6
github.com/labstack/echo/v4/echo_fs.go:89.31,91.3 1 4
github.com/labstack/echo/v4/echo_fs.go:106.32,112.2 2 511
github.com/labstack/echo/v4/echo_fs.go:114.56,115.18 1 36
github.com/labstack/echo/v4/echo_fs.go:118.2,118.25 1 29
github.com/labstack/echo/v4/echo_fs.go:115.18,117.3 1 7
github.com/labstack/echo/v4/echo_fs.go:121.57,123.43 2 21
github.com/labstack/echo/v4/echo_fs.go:135.2,135.32 1 5
github.com/labstack/echo/v4/echo_fs.go:123.43,127.28 1 16
github.com/labstack/echo/v4/echo_fs.go:130.3,133.9 1 16
github.com/labstack/echo/v4/echo_fs.go:127.28,129.4 1 15
github.com/labstack/echo/v4/echo_fs.go:144.54,146.16 2 21
github.com/labstack/echo/v4/echo_fs.go:149.2,149.14 1 17
github.com/labstack/echo/v4/echo_fs.go:146.16,147.79 1 4
github.com/labstack/echo/v4/echo_fs.go:152.37,155.92 1 8
github.com/labstack/echo/v4/echo_fs.go:158.2,158.12 1 8
github.com/labstack/echo/v4/echo_fs.go:155.92,157.3 1 0
github.com/labstack/echo/v4/middleware/basic_auth.go:48.59,52.2 3 1
github.com/labstack/echo/v4/middleware/basic_auth.go:56.70,58.29 1 2
github.com/labstack/echo/v4/middleware/basic_auth.go:61.2,61.27 1 2
github.com/labstack/echo/v4/middleware/basic_auth.go:64.2,64.24 1 2
github.com/labstack/echo/v4/middleware/basic_auth.go:68.2,68.54 1 2
github.com/labstack/echo/v4/middleware/basic_auth.go:58.29,59.69 1 0
github.com/labstack/echo/v4/middleware/basic_auth.go:61.27,63.3 1 1
github.com/labstack/echo/v4/middleware/basic_auth.go:64.24,66.3 1 0
github.com/labstack/echo/v4/middleware/basic_auth.go:68.54,69.37 1 2
github.com/labstack/echo/v4/middleware/basic_auth.go:69.37,70.25 1 7
github.com/labstack/echo/v4/middleware/basic_auth.go:74.4,77.61 3 7
github.com/labstack/echo/v4/middleware/basic_auth.go:100.4,101.36 2 3
github.com/labstack/echo/v4/middleware/basic_auth.go:106.4,107.31 2 3
github.com/labstack/echo/v4/middleware/basic_auth.go:70.25,72.5 1 0
github.com/labstack/echo/v4/middleware/basic_auth.go:77.61,81.19 2 5
github.com/labstack/echo/v4/middleware/basic_auth.go:85.5,86.36 2 4
github.com/labstack/echo/v4/middleware/basic_auth.go:81.19,83.6 1 1
github.com/labstack/echo/v4/middleware/basic_auth.go:86.36,87.24 1 16
github.com/labstack/echo/v4/middleware/basic_auth.go:87.24,90.21 2 4
github.com/labstack/echo/v4/middleware/basic_auth.go:95.7,95.12 1 1
github.com/labstack/echo/v4/middleware/basic_auth.go:90.21,92.8 1 0
github.com/labstack/echo/v4/middleware/basic_auth.go:92.13,92.23 1 4
github.com/labstack/echo/v4/middleware/basic_auth.go:92.23,94.8 1 3
github.com/labstack/echo/v4/middleware/basic_auth.go:101.36,103.5 1 3
github.com/labstack/echo/v4/middleware/body_dump.go:44.60,48.2 3 2
github.com/labstack/echo/v4/middleware/body_dump.go:52.68,54.27 1 5
github.com/labstack/echo/v4/middleware/body_dump.go:57.2,57.27 1 4
github.com/labstack/echo/v4/middleware/body_dump.go:61.2,61.54 1 4
github.com/labstack/echo/v4/middleware/body_dump.go:54.27,55.66 1 1
github.com/labstack/echo/v4/middleware/body_dump.go:57.27,59.3 1 1
github.com/labstack/echo/v4/middleware/body_dump.go:61.54,62.43 1 3
github.com/labstack/echo/v4/middleware/body_dump.go:62.43,63.25 1 3
github.com/labstack/echo/v4/middleware/body_dump.go:68.4,69.31 2 2
github.com/labstack/echo/v4/middleware/body_dump.go:72.4,80.33 6 2
github.com/labstack/echo/v4/middleware/body_dump.go:85.4,87.10 2 2
github.com/labstack/echo/v4/middleware/body_dump.go:63.25,65.5 1 1
github.com/labstack/echo/v4/middleware/body_dump.go:69.31,71.5 1 2
github.com/labstack/echo/v4/middleware/body_dump.go:80.33,82.5 1 1
github.com/labstack/echo/v4/middleware/body_dump.go:92.56,94.2 1 2
github.com/labstack/echo/v4/middleware/body_dump.go:96.63,98.2 1 2
github.com/labstack/echo/v4/middleware/body_dump.go:100.42,102.2 1 0
github.com/labstack/echo/v4/middleware/body_dump.go:104.80,106.2 1 0
github.com/labstack/echo/v4/middleware/body_limit.go:47.50,51.2 3 5
github.com/labstack/echo/v4/middleware/body_limit.go:55.70,57.27 1 8
github.com/labstack/echo/v4/middleware/body_limit.go:61.2,62.16 2 8
github.com/labstack/echo/v4/middleware/body_limit.go:65.2,68.54 3 7
github.com/labstack/echo/v4/middleware/body_limit.go:57.27,59.3 1 2
github.com/labstack/echo/v4/middleware/body_limit.go:62.16,63.65 1 1
github.com/labstack/echo/v4/middleware/body_limit.go:68.54,69.37 1 7
github.com/labstack/echo/v4/middleware/body_limit.go:69.37,70.25 1 7
github.com/labstack/echo/v4/middleware/body_limit.go:74.4,77.40 2 6
github.com/labstack/echo/v4/middleware/body_limit.go:82.4,87.18 5 4
github.com/labstack/echo/v4/middleware/body_limit.go:70.25,72.5 1 1
github.com/labstack/echo/v4/middleware/body_limit.go:77.40,79.5 1 2
github.com/labstack/echo/v4/middleware/body_limit.go:92.59,95.22 3 9
github.com/labstack/echo/v4/middleware/body_limit.go:98.2,98.8 1 7
github.com/labstack/echo/v4/middleware/body_limit.go:95.22,97.3 1 2
github.com/labstack/echo/v4/middleware/body_limit.go:101.39,103.2 1 0
github.com/labstack/echo/v4/middleware/body_limit.go:105.75,109.2 3 5
github.com/labstack/echo/v4/middleware/body_limit.go:111.53,113.27 1 7
github.com/labstack/echo/v4/middleware/body_limit.go:113.27,115.4 1 4
github.com/labstack/echo/v4/middleware/compress.go:47.33,49.2 1 6
github.com/labstack/echo/v4/middleware/compress.go:53.60,55.27 1 7
github.com/labstack/echo/v4/middleware/compress.go:58.2,58.23 1 7
github.com/labstack/echo/v4/middleware/compress.go:62.2,64.54 2 7
github.com/labstack/echo/v4/middleware/compress.go:55.27,57.3 1 1
github.com/labstack/echo/v4/middleware/compress.go:58.23,60.3 1 0
github.com/labstack/echo/v4/middleware/compress.go:64.54,65.37 1 7
github.com/labstack/echo/v4/middleware/compress.go:65.37,66.25 1 8
github.com/labstack/echo/v4/middleware/compress.go:70.4,72.87 3 8
github.com/labstack/echo/v4/middleware/compress.go:98.4,98.18 1 7
github.com/labstack/echo/v4/middleware/compress.go:66.25,68.5 1 0
github.com/labstack/echo/v4/middleware/compress.go:72.87,76.12 4 7
github.com/labstack/echo/v4/middleware/compress.go:79.5,82.18 4 6
github.com/labstack/echo/v4/middleware/compress.go:96.5,96.21 1 6
github.com/labstack/echo/v4/middleware/compress.go:76.12,78.6 1 1
github.com/labstack/echo/v4/middleware/compress.go:82.18,83.24 1 6
github.com/labstack/echo/v4/middleware/compress.go:93.6,94.17 2 6
github.com/labstack/echo/v4/middleware/compress.go:83.24,84.69 1 2
github.com/labstack/echo/v4/middleware/compress.go:90.7,91.26 2 2
github.com/labstack/echo/v4/middleware/compress.go:84.69,86.8 1 2
github.com/labstack/echo/v4/middleware/compress.go:103.52,106.2 2 5
github.com/labstack/echo/v4/middleware/compress.go:108.59,109.50 1 12
github.com/labstack/echo/v4/middleware/compress.go:112.2,113.26 2 12
github.com/labstack/echo/v4/middleware/compress.go:109.50,111.3 1 1
github.com/labstack/echo/v4/middleware/compress.go:116.38,118.56 2 2
github.com/labstack/echo/v4/middleware/compress.go:118.56,120.3 1 2
github.com/labstack/echo/v4/middleware/compress.go:123.76,125.2 1 0
github.com/labstack/echo/v4/middleware/compress.go:127.80,128.49 1 0
github.com/labstack/echo/v4/middleware/compress.go:131.2,131.29 1 0
github.com/labstack/echo/v4/middleware/compress.go:128.49,130.3 1 0
github.com/labstack/echo/v4/middleware/compress.go:134.52,136.27 1 7
github.com/labstack/echo/v4/middleware/compress.go:136.27,138.18 2 7
github.com/labstack/echo/v4/middleware/compress.go:141.4,141.12 1 6
github.com/labstack/echo/v4/middleware/compress.go:138.18,140.5 1 1
github.com/labstack/echo/v4/middleware/cors.go:121.33,123.2 1 2
github.com/labstack/echo/v4/middleware/cors.go:127.60,129.27 1 41
github.com/labstack/echo/v4/middleware/cors.go:132.2,132.35 1 41
github.com/labstack/echo/v4/middleware/cors.go:135.2,136.35 2 41
github.com/labstack/echo/v4/middleware/cors.go:141.2,142.45 2 41
github.com/labstack/echo/v4/middleware/cors.go:150.2,155.54 5 41
github.com/labstack/echo/v4/middleware/cors.go:129.27,131.3 1 39
github.com/labstack/echo/v4/middleware/cors.go:132.35,134.3 1 8
github.com/labstack/echo/v4/middleware/cors.go:136.35,139.3 2 37
github.com/labstack/echo/v4/middleware/cors.go:142.45,148.3 5 41
github.com/labstack/echo/v4/middleware/cors.go:155.54,156.37 1 41
github.com/labstack/echo/v4/middleware/cors.go:156.37,157.25 1 42
github.com/labstack/echo/v4/middleware/cors.go:161.4,179.17 8 42
github.com/labstack/echo/v4/middleware/cors.go:188.4,188.20 1 42
github.com/labstack/echo/v4/middleware/cors.go:195.4,195.37 1 35
github.com/labstack/echo/v4/middleware/cors.go:238.4,238.25 1 34
github.com/labstack/echo/v4/middleware/cors.go:245.4,246.31 2 23
github.com/labstack/echo/v4/middleware/cors.go:251.4,251.18 1 23
github.com/labstack/echo/v4/middleware/cors.go:259.4,262.58 3 19
github.com/labstack/echo/v4/middleware/cors.go:268.4,268.26 1 19
github.com/labstack/echo/v4/middleware/cors.go:276.4,276.25 1 19
github.com/labstack/echo/v4/middleware/cors.go:279.4,279.44 1 19
github.com/labstack/echo/v4/middleware/cors.go:157.25,159.5 1 0
github.com/labstack/echo/v4/middleware/cors.go:179.17,181.36 2 34
github.com/labstack/echo/v4/middleware/cors.go:181.36,184.6 2 8
github.com/labstack/echo/v4/middleware/cors.go:188.20,189.19 1 7
github.com/labstack/echo/v4/middleware/cors.go:192.5,192.45 1 4
github.com/labstack/echo/v4/middleware/cors.go:189.19,191.6 1 3
github.com/labstack/echo/v4/middleware/cors.go:195.37,197.19 2 3
github.com/labstack/echo/v4/middleware/cors.go:200.5,200.16 1 2
github.com/labstack/echo/v4/middleware/cors.go:197.19,199.6 1 1
github.com/labstack/echo/v4/middleware/cors.go:200.16,202.6 1 1
github.com/labstack/echo/v4/middleware/cors.go:203.10,205.43 1 32
github.com/labstack/echo/v4/middleware/cors.go:220.5,221.26 2 32
github.com/labstack/echo/v4/middleware/cors.go:227.5,227.22 1 32
github.com/labstack/echo/v4/middleware/cors.go:205.43,206.45 1 32
github.com/labstack/echo/v4/middleware/cors.go:210.6,210.33 1 31
github.com/labstack/echo/v4/middleware/cors.go:214.6,214.35 1 18
github.com/labstack/echo/v4/middleware/cors.go:206.45,208.12 2 1
github.com/labstack/echo/v4/middleware/cors.go:210.33,212.12 2 13
github.com/labstack/echo/v4/middleware/cors.go:214.35,216.12 2 7
github.com/labstack/echo/v4/middleware/cors.go:221.26,223.69 1 11
github.com/labstack/echo/v4/middleware/cors.go:223.69,225.7 1 9
github.com/labstack/echo/v4/middleware/cors.go:227.22,228.45 1 9
github.com/labstack/echo/v4/middleware/cors.go:228.45,229.60 1 9
github.com/labstack/echo/v4/middleware/cors.go:229.60,231.13 2 1
github.com/labstack/echo/v4/middleware/cors.go:238.25,239.19 1 11
github.com/labstack/echo/v4/middleware/cors.go:242.5,242.45 1 10
github.com/labstack/echo/v4/middleware/cors.go:239.19,241.6 1 1
github.com/labstack/echo/v4/middleware/cors.go:246.31,248.5 1 3
github.com/labstack/echo/v4/middleware/cors.go:251.18,252.28 1 4
github.com/labstack/echo/v4/middleware/cors.go:255.5,255.19 1 4
github.com/labstack/echo/v4/middleware/cors.go:252.28,254.6 1 0
github.com/labstack/echo/v4/middleware/cors.go:262.58,264.5 1 3
github.com/labstack/echo/v4/middleware/cors.go:264.10,266.5 1 16
github.com/labstack/echo/v4/middleware/cors.go:268.26,270.5 1 0
github.com/labstack/echo/v4/middleware/cors.go:270.10,272.16 2 19
github.com/labstack/echo/v4/middleware/cors.go:272.16,274.6 1 1
github.com/labstack/echo/v4/middleware/cors.go:276.25,278.5 1 2
github.com/labstack/echo/v4/middleware/csrf.go:91.33,94.2 2 1
github.com/labstack/echo/v4/middleware/csrf.go:98.60,100.27 1 21
github.com/labstack/echo/v4/middleware/csrf.go:103.2,103.29 1 21
github.com/labstack/echo/v4/middleware/csrf.go:106.2,106.30 1 21
github.com/labstack/echo/v4/middleware/csrf.go:109.2,109.29 1 21
github.com/labstack/echo/v4/middleware/csrf.go:112.2,112.29 1 21
github.com/labstack/echo/v4/middleware/csrf.go:115.2,115.30 1 21
github.com/labstack/echo/v4/middleware/csrf.go:118.2,118.52 1 21
github.com/labstack/echo/v4/middleware/csrf.go:122.2,123.16 2 21
github.com/labstack/echo/v4/middleware/csrf.go:127.2,127.54 1 21
github.com/labstack/echo/v4/middleware/csrf.go:100.27,102.3 1 18
github.com/labstack/echo/v4/middleware/csrf.go:103.29,105.3 1 20
github.com/labstack/echo/v4/middleware/csrf.go:106.30,108.3 1 8
github.com/labstack/echo/v4/middleware/csrf.go:109.29,111.3 1 20
github.com/labstack/echo/v4/middleware/csrf.go:112.29,114.3 1 20
github.com/labstack/echo/v4/middleware/csrf.go:115.30,117.3 1 20
github.com/labstack/echo/v4/middleware/csrf.go:118.52,120.3 1 1
github.com/labstack/echo/v4/middleware/csrf.go:123.16,124.13 1 0
github.com/labstack/echo/v4/middleware/csrf.go:127.54,128.37 1 21
github.com/labstack/echo/v4/middleware/csrf.go:128.37,129.25 1 24
github.com/labstack/echo/v4/middleware/csrf.go:133.4,134.57 2 23
github.com/labstack/echo/v4/middleware/csrf.go:140.4,140.30 1 23
github.com/labstack/echo/v4/middleware/csrf.go:189.4,192.31 4 14
github.com/labstack/echo/v4/middleware/csrf.go:195.4,195.33 1 14
github.com/labstack/echo/v4/middleware/csrf.go:198.4,198.57 1 14
github.com/labstack/echo/v4/middleware/csrf.go:201.4,212.18 7 14
github.com/labstack/echo/v4/middleware/csrf.go:129.25,131.5 1 1
github.com/labstack/echo/v4/middleware/csrf.go:134.57,136.5 1 9
github.com/labstack/echo/v4/middleware/csrf.go:136.10,138.5 1 14
github.com/labstack/echo/v4/middleware/csrf.go:141.79,141.79 0 6
github.com/labstack/echo/v4/middleware/csrf.go:142.12,147.42 3 17
github.com/labstack/echo/v4/middleware/csrf.go:163.5,164.28 2 17
github.com/labstack/echo/v4/middleware/csrf.go:180.5,180.24 1 17
github.com/labstack/echo/v4/middleware/csrf.go:147.42,149.20 2 18
github.com/labstack/echo/v4/middleware/csrf.go:154.6,154.47 1 13
github.com/labstack/echo/v4/middleware/csrf.go:149.20,151.15 2 5
github.com/labstack/echo/v4/middleware/csrf.go:154.47,155.48 1 16
github.com/labstack/echo/v4/middleware/csrf.go:160.7,160.36 1 8
github.com/labstack/echo/v4/middleware/csrf.go:155.48,158.19 3 8
github.com/labstack/echo/v4/middleware/csrf.go:164.28,166.6 1 4
github.com/labstack/echo/v4/middleware/csrf.go:166.11,166.39 1 13
github.com/labstack/echo/v4/middleware/csrf.go:166.39,168.59 1 5
github.com/labstack/echo/v4/middleware/csrf.go:177.6,177.33 1 5
github.com/labstack/echo/v4/middleware/csrf.go:168.59,170.7 1 1
github.com/labstack/echo/v4/middleware/csrf.go:170.12,170.65 1 4
github.com/labstack/echo/v4/middleware/csrf.go:170.65,172.7 1 1
github.com/labstack/echo/v4/middleware/csrf.go:172.12,172.67 1 3
github.com/labstack/echo/v4/middleware/csrf.go:172.67,174.7 1 3
github.com/labstack/echo/v4/middleware/csrf.go:174.12,176.7 1 0
github.com/labstack/echo/v4/middleware/csrf.go:180.24,181.36 1 9
github.com/labstack/echo/v4/middleware/csrf.go:184.6,184.21 1 8
github.com/labstack/echo/v4/middleware/csrf.go:181.36,183.7 1 1
github.com/labstack/echo/v4/middleware/csrf.go:192.31,194.5 1 0
github.com/labstack/echo/v4/middleware/csrf.go:195.33,197.5 1 0
github.com/labstack/echo/v4/middleware/csrf.go:198.57,200.5 1 11
[...]
github.com/labstack/echo/v4/middleware/method_override.go:81.37,83.3 1 1
github.com/labstack/echo/v4/middleware/method_override.go:88.57,89.37 1 1
github.com/labstack/echo/v4/middleware/method_override.go:89.37,91.3 1 1
github.com/labstack/echo/v4/middleware/middleware.go:21.76,23.19 2 247
github.com/labstack/echo/v4/middleware/middleware.go:26.2,28.27 3 138
github.com/labstack/echo/v4/middleware/middleware.go:33.2,33.40 1 138
github.com/labstack/echo/v4/middleware/middleware.go:23.19,25.3 1 109
github.com/labstack/echo/v4/middleware/middleware.go:28.27,32.3 3 248
github.com/labstack/echo/v4/middleware/middleware.go:36.77,39.28 2 14
github.com/labstack/echo/v4/middleware/middleware.go:48.2,48.19 1 14
github.com/labstack/echo/v4/middleware/middleware.go:39.28,42.33 3 44
github.com/labstack/echo/v4/middleware/middleware.go:45.3,46.40 2 44
github.com/labstack/echo/v4/middleware/middleware.go:42.33,44.4 1 9
github.com/labstack/echo/v4/middleware/middleware.go:51.82,52.28 1 160
github.com/labstack/echo/v4/middleware/middleware.go:58.2,59.38 2 148
github.com/labstack/echo/v4/middleware/middleware.go:72.2,72.33 1 148
github.com/labstack/echo/v4/middleware/middleware.go:83.2,83.12 1 10
github.com/labstack/echo/v4/middleware/middleware.go:52.28,54.3 1 12
github.com/labstack/echo/v4/middleware/middleware.go:59.38,61.27 2 13
github.com/labstack/echo/v4/middleware/middleware.go:64.3,64.25 1 13
github.com/labstack/echo/v4/middleware/middleware.go:67.3,67.19 1 13
github.com/labstack/echo/v4/middleware/middleware.go:61.27,63.4 1 13
github.com/labstack/echo/v4/middleware/middleware.go:64.25,66.4 1 13
github.com/labstack/echo/v4/middleware/middleware.go:67.19,69.4 1 13
github.com/labstack/echo/v4/middleware/middleware.go:72.33,73.60 1 247
github.com/labstack/echo/v4/middleware/middleware.go:73.60,75.18 2 138
github.com/labstack/echo/v4/middleware/middleware.go:78.4,80.14 2 138
github.com/labstack/echo/v4/middleware/middleware.go:75.18,77.5 1 0
github.com/labstack/echo/v4/middleware/middleware.go:87.40,89.2 1 474
github.com/labstack/echo/v4/middleware/rate_limiter.go:49.62,52.3 2 14
github.com/labstack/echo/v4/middleware/rate_limiter.go:53.60,59.3 1 1
github.com/labstack/echo/v4/middleware/rate_limiter.go:60.78,66.3 1 11
github.com/labstack/echo/v4/middleware/rate_limiter.go:80.62,85.2 3 3
github.com/labstack/echo/v4/middleware/rate_limiter.go:113.74,114.27 1 9
github.com/labstack/echo/v4/middleware/rate_limiter.go:117.2,117.39 1 9
github.com/labstack/echo/v4/middleware/rate_limiter.go:120.2,120.32 1 9
github.com/labstack/echo/v4/middleware/rate_limiter.go:123.2,123.31 1 9
github.com/labstack/echo/v4/middleware/rate_limiter.go:126.2,126.25 1 9
github.com/labstack/echo/v4/middleware/rate_limiter.go:129.2,129.54 1 8
github.com/labstack/echo/v4/middleware/rate_limiter.go:114.27,116.3 1 4
github.com/labstack/echo/v4/middleware/rate_limiter.go:117.39,119.3 1 1
github.com/labstack/echo/v4/middleware/rate_limiter.go:120.32,122.3 1 5
github.com/labstack/echo/v4/middleware/rate_limiter.go:123.31,125.3 1 5
github.com/labstack/echo/v4/middleware/rate_limiter.go:126.25,127.48 1 1
github.com/labstack/echo/v4/middleware/rate_limiter.go:129.54,130.37 1 31
github.com/labstack/echo/v4/middleware/rate_limiter.go:130.37,131.25 1 31
github.com/labstack/echo/v4/middleware/rate_limiter.go:134.4,134.32 1 30
github.com/labstack/echo/v4/middleware/rate_limiter.go:138.4,139.18 2 30
github.com/labstack/echo/v4/middleware/rate_limiter.go:144.4,144.60 1 28
github.com/labstack/echo/v4/middleware/rate_limiter.go:148.4,148.18 1 14
github.com/labstack/echo/v4/middleware/rate_limiter.go:131.25,133.5 1 1
github.com/labstack/echo/v4/middleware/rate_limiter.go:134.32,136.5 1 2
github.com/labstack/echo/v4/middleware/rate_limiter.go:139.18,142.5 2 2
github.com/labstack/echo/v4/middleware/rate_limiter.go:144.60,147.5 2 14
github.com/labstack/echo/v4/middleware/rate_limiter.go:184.81,188.2 1 2
github.com/labstack/echo/v4/middleware/rate_limiter.go:209.111,215.27 5 14
github.com/labstack/echo/v4/middleware/rate_limiter.go:218.2,218.23 1 14
github.com/labstack/echo/v4/middleware/rate_limiter.go:221.2,223.8 3 14
github.com/labstack/echo/v4/middleware/rate_limiter.go:215.27,217.3 1 11
github.com/labstack/echo/v4/middleware/rate_limiter.go:218.23,220.3 1 2
github.com/labstack/echo/v4/middleware/rate_limiter.go:239.77,242.13 3 53
github.com/labstack/echo/v4/middleware/rate_limiter.go:247.2,248.52 2 53
github.com/labstack/echo/v4/middleware/rate_limiter.go:251.2,252.38 2 53
github.com/labstack/echo/v4/middleware/rate_limiter.go:242.13,246.3 3 8
github.com/labstack/echo/v4/middleware/rate_limiter.go:248.52,250.3 1 1
github.com/labstack/echo/v4/middleware/rate_limiter.go:259.61,260.42 1 2
github.com/labstack/echo/v4/middleware/rate_limiter.go:265.2,265.27 1 2
github.com/labstack/echo/v4/middleware/rate_limiter.go:260.42,261.52 1 7
github.com/labstack/echo/v4/middleware/rate_limiter.go:261.52,263.4 1 1
github.com/labstack/echo/v4/middleware/request_id.go:36.38,38.2 1 0
github.com/labstack/echo/v4/middleware/request_id.go:41.70,43.27 1 5
github.com/labstack/echo/v4/middleware/request_id.go:46.2,46.29 1 5
github.com/labstack/echo/v4/middleware/request_id.go:49.2,49.31 1 5
github.com/labstack/echo/v4/middleware/request_id.go:53.2,53.54 1 5
github.com/labstack/echo/v4/middleware/request_id.go:43.27,45.3 1 5
github.com/labstack/echo/v4/middleware/request_id.go:46.29,48.3 1 3
github.com/labstack/echo/v4/middleware/request_id.go:49.31,51.3 1 3
github.com/labstack/echo/v4/middleware/request_id.go:53.54,54.37 1 5
github.com/labstack/echo/v4/middleware/request_id.go:54.37,55.25 1 5
github.com/labstack/echo/v4/middleware/request_id.go:59.4,62.17 4 5
github.com/labstack/echo/v4/middleware/request_id.go:65.4,66.38 2 5
github.com/labstack/echo/v4/middleware/request_id.go:70.4,70.18 1 5
github.com/labstack/echo/v4/middleware/request_id.go:55.25,57.5 1 0
github.com/labstack/echo/v4/middleware/request_id.go:62.17,64.5 1 4
github.com/labstack/echo/v4/middleware/request_id.go:66.38,68.5 1 2
github.com/labstack/echo/v4/middleware/request_id.go:75.25,77.2 1 2
github.com/labstack/echo/v4/middleware/util.go:7.47,11.2 3 30
github.com/labstack/echo/v4/middleware/util.go:14.50,15.35 1 26
github.com/labstack/echo/v4/middleware/util.go:18.2,20.30 3 24
github.com/labstack/echo/v4/middleware/util.go:23.2,25.24 2 24
github.com/labstack/echo/v4/middleware/util.go:28.2,32.43 4 21
github.com/labstack/echo/v4/middleware/util.go:36.2,36.43 1 21
github.com/labstack/echo/v4/middleware/util.go:41.2,41.28 1 21
github.com/labstack/echo/v4/middleware/util.go:53.2,53.14 1 0
github.com/labstack/echo/v4/middleware/util.go:15.35,17.3 1 2
github.com/labstack/echo/v4/middleware/util.go:20.30,22.3 1 0
github.com/labstack/echo/v4/middleware/util.go:25.24,27.3 1 3
github.com/labstack/echo/v4/middleware/util.go:32.43,35.3 2 31
github.com/labstack/echo/v4/middleware/util.go:36.43,39.3 2 26
github.com/labstack/echo/v4/middleware/util.go:41.28,42.24 1 61
github.com/labstack/echo/v4/middleware/util.go:45.3,46.15 2 59
github.com/labstack/echo/v4/middleware/util.go:49.3,49.13 1 48
github.com/labstack/echo/v4/middleware/util.go:42.24,44.4 1 2
github.com/labstack/echo/v4/middleware/util.go:46.15,48.4 1 11
github.com/labstack/echo/v4/middleware/util.go:49.13,51.4 1 8
github.com/labstack/echo/v4/middleware/proxy.go:106.60,107.71 1 0
github.com/labstack/echo/v4/middleware/proxy.go:107.71,109.17 2 0
github.com/labstack/echo/v4/middleware/proxy.go:113.3,116.17 3 0
github.com/labstack/echo/v4/middleware/proxy.go:120.3,124.17 3 0
github.com/labstack/echo/v4/middleware/proxy.go:129.3,130.44 2 0
github.com/labstack/echo/v4/middleware/proxy.go:135.3,138.34 4 0
github.com/labstack/echo/v4/middleware/proxy.go:109.17,112.4 2 0
github.com/labstack/echo/v4/middleware/proxy.go:116.17,119.4 2 0
github.com/labstack/echo/v4/middleware/proxy.go:124.17,127.4 2 0
github.com/labstack/echo/v4/middleware/proxy.go:130.44,133.4 2 0
github.com/labstack/echo/v4/middleware/proxy.go:138.34,140.4 1 0
github.com/labstack/echo/v4/middleware/proxy.go:145.62,149.2 3 3
github.com/labstack/echo/v4/middleware/proxy.go:152.66,156.2 3 11
github.com/labstack/echo/v4/middleware/proxy.go:159.62,160.30 1 9
github.com/labstack/echo/v4/middleware/proxy.go:165.2,168.13 4 5
github.com/labstack/echo/v4/middleware/proxy.go:160.30,161.28 1 8
github.com/labstack/echo/v4/middleware/proxy.go:161.28,163.4 1 4
github.com/labstack/echo/v4/middleware/proxy.go:172.57,175.30 3 3
github.com/labstack/echo/v4/middleware/proxy.go:181.2,181.14 1 1
github.com/labstack/echo/v4/middleware/proxy.go:175.30,176.21 1 2
github.com/labstack/echo/v4/middleware/proxy.go:176.21,179.4 2 2
github.com/labstack/echo/v4/middleware/proxy.go:185.60,186.21 1 3
github.com/labstack/echo/v4/middleware/proxy.go:189.2,191.49 3 3
github.com/labstack/echo/v4/middleware/proxy.go:186.21,188.3 1 3
github.com/labstack/echo/v4/middleware/proxy.go:195.64,200.2 4 23
github.com/labstack/echo/v4/middleware/proxy.go:205.56,209.2 3 8
github.com/labstack/echo/v4/middleware/proxy.go:213.62,215.27 1 17
github.com/labstack/echo/v4/middleware/proxy.go:218.2,218.28 1 17
github.com/labstack/echo/v4/middleware/proxy.go:222.2,222.27 1 17
github.com/labstack/echo/v4/middleware/proxy.go:231.2,232.54 2 17
github.com/labstack/echo/v4/middleware/proxy.go:215.27,217.3 1 9
github.com/labstack/echo/v4/middleware/proxy.go:218.28,219.52 1 0
github.com/labstack/echo/v4/middleware/proxy.go:222.27,223.33 1 8
github.com/labstack/echo/v4/middleware/proxy.go:226.3,226.55 1 8
github.com/labstack/echo/v4/middleware/proxy.go:223.33,225.4 1 7
github.com/labstack/echo/v4/middleware/proxy.go:226.55,228.4 1 31
github.com/labstack/echo/v4/middleware/proxy.go:232.54,233.43 1 28
github.com/labstack/echo/v4/middleware/proxy.go:233.43,234.25 1 28
github.com/labstack/echo/v4/middleware/proxy.go:238.4,242.24 4 28
github.com/labstack/echo/v4/middleware/proxy.go:250.4,252.63 2 27
github.com/labstack/echo/v4/middleware/proxy.go:259.4,259.79 1 27
github.com/labstack/echo/v4/middleware/proxy.go:262.4,262.56 1 27
github.com/labstack/echo/v4/middleware/proxy.go:265.4,265.73 1 27
github.com/labstack/echo/v4/middleware/proxy.go:270.4,270.11 1 27
github.com/labstack/echo/v4/middleware/proxy.go:277.4,277.44 1 27
github.com/labstack/echo/v4/middleware/proxy.go:281.4,281.10 1 27
github.com/labstack/echo/v4/middleware/proxy.go:234.25,236.5 1 0
github.com/labstack/echo/v4/middleware/proxy.go:242.24,244.19 2 2
github.com/labstack/echo/v4/middleware/proxy.go:244.19,246.6 1 1
github.com/labstack/echo/v4/middleware/proxy.go:247.10,249.5 1 26
github.com/labstack/echo/v4/middleware/proxy.go:252.63,254.5 1 0
github.com/labstack/echo/v4/middleware/proxy.go:259.79,261.5 1 22
github.com/labstack/echo/v4/middleware/proxy.go:262.56,264.5 1 20
github.com/labstack/echo/v4/middleware/proxy.go:265.73,267.5 1 0
github.com/labstack/echo/v4/middleware/proxy.go:271.25,272.41 1 0
github.com/labstack/echo/v4/middleware/proxy.go:273.66,273.66 0 0
github.com/labstack/echo/v4/middleware/proxy.go:274.12,275.50 1 27
github.com/labstack/echo/v4/middleware/proxy.go:277.44,279.5 1 2
github.com/labstack/echo/v4/middleware/proxy.go:293.83,295.84 2 27
github.com/labstack/echo/v4/middleware/proxy.go:315.2,317.14 3 27
github.com/labstack/echo/v4/middleware/proxy.go:295.84,297.21 2 2
github.com/labstack/echo/v4/middleware/proxy.go:305.3,305.89 1 2
github.com/labstack/echo/v4/middleware/proxy.go:297.21,299.4 1 2
github.com/labstack/echo/v4/middleware/proxy.go:305.89,309.4 3 1
github.com/labstack/echo/v4/middleware/proxy.go:309.9,313.4 3 1
github.com/labstack/echo/v4/middleware/recover.go:58.36,60.2 1 6
github.com/labstack/echo/v4/middleware/recover.go:64.66,66.27 1 13
github.com/labstack/echo/v4/middleware/recover.go:69.2,69.27 1 13
github.com/labstack/echo/v4/middleware/recover.go:73.2,73.54 1 13
github.com/labstack/echo/v4/middleware/recover.go:66.27,68.3 1 0
github.com/labstack/echo/v4/middleware/recover.go:69.27,71.3 1 0
github.com/labstack/echo/v4/middleware/recover.go:73.54,74.37 1 13
github.com/labstack/echo/v4/middleware/recover.go:74.37,75.25 1 13
github.com/labstack/echo/v4/middleware/recover.go:79.4,79.17 1 13
github.com/labstack/echo/v4/middleware/recover.go:119.4,119.18 1 13
github.com/labstack/echo/v4/middleware/recover.go:75.25,77.5 1 0
github.com/labstack/echo/v4/middleware/recover.go:79.17,80.33 1 13
github.com/labstack/echo/v4/middleware/recover.go:80.33,81.35 1 10
github.com/labstack/echo/v4/middleware/recover.go:84.6,85.13 2 9
github.com/labstack/echo/v4/middleware/recover.go:88.6,91.35 3 9
github.com/labstack/echo/v4/middleware/recover.go:97.6,97.36 1 9
github.com/labstack/echo/v4/middleware/recover.go:116.6,116.18 1 9
github.com/labstack/echo/v4/middleware/recover.go:81.35,82.15 1 1
github.com/labstack/echo/v4/middleware/recover.go:85.13,87.7 1 8
github.com/labstack/echo/v4/middleware/recover.go:91.35,95.7 3 9
github.com/labstack/echo/v4/middleware/recover.go:97.36,99.7 1 2
github.com/labstack/echo/v4/middleware/recover.go:99.12,99.42 1 7
github.com/labstack/echo/v4/middleware/recover.go:99.42,101.30 2 7
github.com/labstack/echo/v4/middleware/recover.go:102.22,103.29 1 1
github.com/labstack/echo/v4/middleware/recover.go:104.21,105.28 1 1
github.com/labstack/echo/v4/middleware/recover.go:106.21,107.28 1 1
github.com/labstack/echo/v4/middleware/recover.go:108.22,109.29 1 1
github.com/labstack/echo/v4/middleware/recover.go:110.20,110.20 0 1
github.com/labstack/echo/v4/middleware/recover.go:112.15,113.29 1 2
github.com/labstack/echo/v4/middleware/redirect.go:37.42,39.2 1 2
github.com/labstack/echo/v4/middleware/redirect.go:43.73,44.72 1 2
github.com/labstack/echo/v4/middleware/redirect.go:44.72,45.24 1 2
github.com/labstack/echo/v4/middleware/redirect.go:48.3,48.19 1 1
github.com/labstack/echo/v4/middleware/redirect.go:45.24,47.4 1 1
github.com/labstack/echo/v4/middleware/redirect.go:56.45,58.2 1 5
github.com/labstack/echo/v4/middleware/redirect.go:62.76,63.72 1 5
github.com/labstack/echo/v4/middleware/redirect.go:63.72,64.57 1 5
github.com/labstack/echo/v4/middleware/redirect.go:67.3,67.19 1 2
github.com/labstack/echo/v4/middleware/redirect.go:64.57,66.4 1 3
github.com/labstack/echo/v4/middleware/redirect.go:75.48,77.2 1 4
github.com/labstack/echo/v4/middleware/redirect.go:81.79,82.79 1 4
github.com/labstack/echo/v4/middleware/redirect.go:82.79,83.24 1 4
github.com/labstack/echo/v4/middleware/redirect.go:87.3,87.19 1 1
github.com/labstack/echo/v4/middleware/redirect.go:83.24,86.4 2 3
github.com/labstack/echo/v4/middleware/redirect.go:95.40,97.2 1 5
github.com/labstack/echo/v4/middleware/redirect.go:101.71,102.72 1 5
github.com/labstack/echo/v4/middleware/redirect.go:102.72,103.36 1 5
github.com/labstack/echo/v4/middleware/redirect.go:106.3,106.19 1 1
github.com/labstack/echo/v4/middleware/redirect.go:103.36,105.4 1 4
github.com/labstack/echo/v4/middleware/redirect.go:114.43,116.2 1 4
github.com/labstack/echo/v4/middleware/redirect.go:120.74,121.72 1 7
github.com/labstack/echo/v4/middleware/redirect.go:121.72,122.35 1 6
github.com/labstack/echo/v4/middleware/redirect.go:125.3,125.19 1 1
github.com/labstack/echo/v4/middleware/redirect.go:122.35,124.4 1 5
github.com/labstack/echo/v4/middleware/redirect.go:129.76,130.27 1 23
github.com/labstack/echo/v4/middleware/redirect.go:133.2,133.22 1 23
github.com/labstack/echo/v4/middleware/redirect.go:137.2,137.54 1 23
github.com/labstack/echo/v4/middleware/redirect.go:130.27,132.3 1 2
github.com/labstack/echo/v4/middleware/redirect.go:133.22,135.3 1 2
github.com/labstack/echo/v4/middleware/redirect.go:137.54,138.37 1 23
github.com/labstack/echo/v4/middleware/redirect.go:138.37,139.25 1 23
github.com/labstack/echo/v4/middleware/redirect.go:143.4,145.55 3 22
github.com/labstack/echo/v4/middleware/redirect.go:149.4,149.18 1 6
github.com/labstack/echo/v4/middleware/redirect.go:139.25,141.5 1 1
github.com/labstack/echo/v4/middleware/redirect.go:145.55,147.5 1 16
github.com/labstack/echo/v4/middleware/slash.go:32.45,34.2 1 3
github.com/labstack/echo/v4/middleware/slash.go:38.81,40.27 1 11
github.com/labstack/echo/v4/middleware/slash.go:44.2,44.54 1 11
github.com/labstack/echo/v4/middleware/slash.go:40.27,42.3 1 8
github.com/labstack/echo/v4/middleware/slash.go:44.54,45.37 1 11
github.com/labstack/echo/v4/middleware/slash.go:45.37,46.25 1 11
github.com/labstack/echo/v4/middleware/slash.go:50.4,54.37 5 11
github.com/labstack/echo/v4/middleware/slash.go:70.4,70.18 1 4
github.com/labstack/echo/v4/middleware/slash.go:46.25,48.5 1 0
github.com/labstack/echo/v4/middleware/slash.go:54.37,57.17 3 9
github.com/labstack/echo/v4/middleware/slash.go:62.5,62.33 1 9
github.com/labstack/echo/v4/middleware/slash.go:67.5,68.20 2 2
github.com/labstack/echo/v4/middleware/slash.go:57.17,59.6 1 2
github.com/labstack/echo/v4/middleware/slash.go:62.33,64.6 1 7
github.com/labstack/echo/v4/middleware/slash.go:79.48,81.2 1 4
github.com/labstack/echo/v4/middleware/slash.go:85.84,87.27 1 13
github.com/labstack/echo/v4/middleware/slash.go:91.2,91.54 1 13
github.com/labstack/echo/v4/middleware/slash.go:87.27,89.3 1 13
github.com/labstack/echo/v4/middleware/slash.go:91.54,92.37 1 13
github.com/labstack/echo/v4/middleware/slash.go:92.37,93.25 1 13
github.com/labstack/echo/v4/middleware/slash.go:97.4,102.45 6 13
github.com/labstack/echo/v4/middleware/slash.go:118.4,118.18 1 6
github.com/labstack/echo/v4/middleware/slash.go:93.25,95.5 1 0
github.com/labstack/echo/v4/middleware/slash.go:102.45,105.17 3 9
github.com/labstack/echo/v4/middleware/slash.go:110.5,110.33 1 9
github.com/labstack/echo/v4/middleware/slash.go:115.5,116.20 2 2
github.com/labstack/echo/v4/middleware/slash.go:105.17,107.6 1 2
github.com/labstack/echo/v4/middleware/slash.go:110.33,112.6 1 7
github.com/labstack/echo/v4/middleware/slash.go:123.37,126.92 1 14
github.com/labstack/echo/v4/middleware/slash.go:129.2,129.12 1 14
github.com/labstack/echo/v4/middleware/slash.go:126.92,128.3 1 10
github.com/labstack/echo/v4/middleware/timeout.go:91.36,93.2 1 1
github.com/labstack/echo/v4/middleware/timeout.go:96.66,98.16 2 14
github.com/labstack/echo/v4/middleware/timeout.go:101.2,101.11 1 14
github.com/labstack/echo/v4/middleware/timeout.go:98.16,99.13 1 0
github.com/labstack/echo/v4/middleware/timeout.go:105.73,106.27 1 14
github.com/labstack/echo/v4/middleware/timeout.go:110.2,110.54 1 14
github.com/labstack/echo/v4/middleware/timeout.go:106.27,108.3 1 12
github.com/labstack/echo/v4/middleware/timeout.go:110.54,111.37 1 14
github.com/labstack/echo/v4/middleware/timeout.go:111.37,112.48 1 14
github.com/labstack/echo/v4/middleware/timeout.go:116.4,127.11 5 12
github.com/labstack/echo/v4/middleware/timeout.go:112.48,114.5 1 2
github.com/labstack/echo/v4/middleware/timeout.go:128.26,129.15 1 1
github.com/labstack/echo/v4/middleware/timeout.go:130.12,131.15 1 10
github.com/labstack/echo/v4/middleware/timeout.go:145.84,157.15 4 12
github.com/labstack/echo/v4/middleware/timeout.go:164.2,165.69 2 12
github.com/labstack/echo/v4/middleware/timeout.go:171.2,171.16 1 5
github.com/labstack/echo/v4/middleware/timeout.go:184.2,184.42 1 4
github.com/labstack/echo/v4/middleware/timeout.go:157.15,158.35 1 12
github.com/labstack/echo/v4/middleware/timeout.go:158.35,160.14 2 1
github.com/labstack/echo/v4/middleware/timeout.go:165.69,166.40 1 6
github.com/labstack/echo/v4/middleware/timeout.go:169.3,169.9 1 6
github.com/labstack/echo/v4/middleware/timeout.go:166.40,168.4 1 1
github.com/labstack/echo/v4/middleware/timeout.go:171.16,180.3 4 1
github.com/labstack/echo/v4/middleware/timeout.go:198.47,202.2 3 1
github.com/labstack/echo/v4/middleware/timeout.go:204.49,207.20 3 11
github.com/labstack/echo/v4/middleware/timeout.go:210.2,210.36 1 10
github.com/labstack/echo/v4/middleware/timeout.go:207.20,209.3 1 1
github.com/labstack/echo/v4/middleware/timeout.go:213.56,216.20 3 11
github.com/labstack/echo/v4/middleware/timeout.go:219.2,219.34 1 10
github.com/labstack/echo/v4/middleware/timeout.go:216.20,218.3 1 1
